Using pre-set license
Built from '2020.3/staging' branch; Version is '2020.3.21f1 (a38c86f6690f) revision 10718342'; Using compiler version '192528614'; Build Type 'Release'
OS: 'Windows 10 Home; OS build 19043.1288; Version 2009; 64bit' Language: 'en' Physical Memory: 16243 MB
BatchMode: 1, IsHumanControllingUs: 0, StartBugReporterOnCrash: 0, Is64bit: 1, IsPro: 0

COMMAND LINE ARGUMENTS:
C:\Unity\Editor\2020.3.21f1\Editor\Unity.exe
-adb2
-batchMode
-noUpm
-name
AssetImportWorker0
-projectPath
D:/Unity Games/GT/APG/CSL244-Assignments/CSL 244 Assignment 1
-logFile
Logs/AssetImportWorker0.log
-srvPort
60312
Successfully changed project path to: D:/Unity Games/GT/APG/CSL244-Assignments/CSL 244 Assignment 1
D:/Unity Games/GT/APG/CSL244-Assignments/CSL 244 Assignment 1
Using Asset Import Pipeline V2.
Refreshing native plugins compatible for Editor in 36.13 ms, found 2 plugins.
Preloading 0 native plugins for Editor in 0.00 ms.
Initialize engine version: 2020.3.21f1 (a38c86f6690f)
[Subsystems] Discovering subsystems at path C:/Unity/Editor/2020.3.21f1/Editor/Data/Resources/UnitySubsystems
[Subsystems] Discovering subsystems at path D:/Unity Games/GT/APG/CSL244-Assignments/CSL 244 Assignment 1/Assets
GfxDevice: creating device client; threaded=0
Direct3D:
    Version:  Direct3D 11.0 [level 11.1]
    Renderer: NVIDIA GeForce GTX 1050 Ti (ID=0x1c8c)
    Vendor:   
    VRAM:     4018 MB
    Driver:   30.0.14.7239
Initialize mono
Mono path[0] = 'C:/Unity/Editor/2020.3.21f1/Editor/Data/Managed'
Mono path[1] = 'C:/Unity/Editor/2020.3.21f1/Editor/Data/MonoBleedingEdge/lib/mono/unityjit'
Mono config path = 'C:/Unity/Editor/2020.3.21f1/Editor/Data/MonoBleedingEdge/etc'
Using monoOptions --debugger-agent=transport=dt_socket,embedding=1,server=y,suspend=n,address=127.0.0.1:56396
Begin MonoManager ReloadAssembly
Registering precompiled unity dll's ...
Register platform support module: C:/Unity/Editor/2020.3.21f1/Editor/Data/PlaybackEngines/WebGLSupport/UnityEditor.WebGL.Extensions.dll
Register platform support module: C:/Unity/Editor/2020.3.21f1/Editor/Data/PlaybackEngines/WindowsStandaloneSupport/UnityEditor.WindowsStandalone.Extensions.dll
Registered in 0.002188 seconds.
Native extension for WindowsStandalone target not found
Native extension for WebGL target not found
Refreshing native plugins compatible for Editor in 30.77 ms, found 2 plugins.
Preloading 0 native plugins for Editor in 0.00 ms.
Mono: successfully reloaded assembly
- Completed reload, in  1.937 seconds
Domain Reload Profiling:
	ReloadAssembly (1937ms)
		BeginReloadAssembly (53ms)
			ExecutionOrderSort (0ms)
			DisableScriptedObjects (0ms)
			BackupInstance (0ms)
			ReleaseScriptingObjects (0ms)
			CreateAndSetChildDomain (1ms)
		EndReloadAssembly (423ms)
			LoadAssemblies (51ms)
			RebuildTransferFunctionScriptingTraits (0ms)
			SetupTypeCache (153ms)
			ReleaseScriptCaches (0ms)
			RebuildScriptCaches (31ms)
			SetupLoadedEditorAssemblies (149ms)
				LogAssemblyErrors (0ms)
				InitializePlatformSupportModulesInManaged (4ms)
				SetLoadedEditorAssemblies (0ms)
				RefreshPlugins (31ms)
				BeforeProcessingInitializeOnLoad (12ms)
				ProcessInitializeOnLoadAttributes (75ms)
				ProcessInitializeOnLoadMethodAttributes (25ms)
				AfterProcessingInitializeOnLoad (0ms)
				EditorAssembliesLoaded (0ms)
			ExecutionOrderSort2 (0ms)
			AwakeInstancesAfterBackupRestoration (0ms)
Platform modules already initialized, skipping
Registering precompiled user dll's ...
Registered in 0.002958 seconds.
Begin MonoManager ReloadAssembly
Native extension for WindowsStandalone target not found
Native extension for WebGL target not found
Refreshing native plugins compatible for Editor in 0.36 ms, found 2 plugins.
Preloading 0 native plugins for Editor in 0.00 ms.
Mono: successfully reloaded assembly
- Completed reload, in  0.977 seconds
Domain Reload Profiling:
	ReloadAssembly (978ms)
		BeginReloadAssembly (134ms)
			ExecutionOrderSort (0ms)
			DisableScriptedObjects (4ms)
			BackupInstance (0ms)
			ReleaseScriptingObjects (0ms)
			CreateAndSetChildDomain (17ms)
		EndReloadAssembly (787ms)
			LoadAssemblies (78ms)
			RebuildTransferFunctionScriptingTraits (0ms)
			SetupTypeCache (275ms)
			ReleaseScriptCaches (0ms)
			RebuildScriptCaches (40ms)
			SetupLoadedEditorAssemblies (288ms)
				LogAssemblyErrors (0ms)
				InitializePlatformSupportModulesInManaged (5ms)
				SetLoadedEditorAssemblies (0ms)
				RefreshPlugins (0ms)
				BeforeProcessingInitializeOnLoad (82ms)
				ProcessInitializeOnLoadAttributes (184ms)
				ProcessInitializeOnLoadMethodAttributes (9ms)
				AfterProcessingInitializeOnLoad (6ms)
				EditorAssembliesLoaded (0ms)
			ExecutionOrderSort2 (0ms)
			AwakeInstancesAfterBackupRestoration (6ms)
Platform modules already initialized, skipping
========================================================================
Worker process is ready to serve import requests
Launched and connected shader compiler UnityShaderCompiler.exe after 0.07 seconds
Refreshing native plugins compatible for Editor in 0.37 ms, found 2 plugins.
Preloading 0 native plugins for Editor in 0.00 ms.
Unloading 1490 Unused Serialized files (Serialized files now loaded: 0)
System memory in use before: 68.2 MB.
System memory in use after: 68.3 MB.

Unloading 19 unused Assets to reduce memory usage. Loaded Objects now: 1922.
Total: 3.175400 ms (FindLiveObjects: 0.156800 ms CreateObjectMapping: 0.045300 ms MarkObjects: 2.909500 ms  DeleteObjects: 0.063000 ms)

AssetImportParameters requested are different than current active one (requested -> active):
  custom:framework-win-MediaFoundation: 216162199b28c13a410421893ffa2e32 -> 
  custom:video-decoder-ogg-theora: a1e56fd34408186e4bbccfd4996cb3dc -> 
  custom:container-muxer-webm: aa71ff27fc2769a1b78a27578f13a17b -> 
  custom:container-demuxer-webm: 4f35f7cbe854078d1ac9338744f61a02 -> 
  custom:container-demuxer-ogg: 62fdf1f143b41e24485cea50d1cbac27 -> 
  custom:video-encoder-webm-vp8: eb34c28f22e8b96e1ab97ce403110664 -> 
  custom:video-decoder-webm-vp8: 9c59270c3fd7afecdb556c50c9e8de78 -> 
  custom:audio-decoder-ogg-vorbis: bf7c407c2cedff20999df2af8eb42d56 -> 
  custom:audio-encoder-webm-vorbis: bf7c407c2cedff20999df2af8eb42d56 -> 
========================================================================
Received Import Request.
  path: Assets/Cartoon Heroes/Male
  artifactKey: Guid(8b9b6e637e73c5341beaea90346b0718) Importer(815301076,1909f56bfc062723c751e8b465ee728b)
Start importing Assets/Cartoon Heroes/Male using Guid(8b9b6e637e73c5341beaea90346b0718) Importer(815301076,1909f56bfc062723c751e8b465ee728b)  -> (artifact id: '77bb73e8ba0a9eb71b8ad7061ddf9480') in 0.008688 seconds 
  Import took 0.010882 seconds .

========================================================================
Received Import Request.
  Time since last request: 0.000306 seconds.
  path: Assets/Cartoon Heroes/Male/3D
  artifactKey: Guid(508c5b6a428c4614d93fecb82103dac3) Importer(815301076,1909f56bfc062723c751e8b465ee728b)
Start importing Assets/Cartoon Heroes/Male/3D using Guid(508c5b6a428c4614d93fecb82103dac3) Importer(815301076,1909f56bfc062723c751e8b465ee728b)  -> (artifact id: '5f2e250b78b0712e50651ecbaa84a5d8') in 0.008193 seconds 
  Import took 0.010506 seconds .

========================================================================
Received Import Request.
  Time since last request: 0.000284 seconds.
  path: Assets/Cartoon Heroes
  artifactKey: Guid(f89171de0169be049b29c8b46f676004) Importer(815301076,1909f56bfc062723c751e8b465ee728b)
Start importing Assets/Cartoon Heroes using Guid(f89171de0169be049b29c8b46f676004) Importer(815301076,1909f56bfc062723c751e8b465ee728b)  -> (artifact id: '7b9c5dc1527704c06e616aef92fe8946') in 0.006465 seconds 
  Import took 0.009171 seconds .

========================================================================
Received Import Request.
  Time since last request: 10.156571 seconds.
  path: Assets/Cartoon Heroes/Male/3D/Hairs
  artifactKey: Guid(09faeacb94cce5a488c0f7bb3b175a44) Importer(815301076,1909f56bfc062723c751e8b465ee728b)
Start importing Assets/Cartoon Heroes/Male/3D/Hairs using Guid(09faeacb94cce5a488c0f7bb3b175a44) Importer(815301076,1909f56bfc062723c751e8b465ee728b)  -> (artifact id: '4f5682ffe12c8d64558203d6838ce179') in 0.006295 seconds 
  Import took 0.008601 seconds .

========================================================================
Received Import Request.
  Time since last request: 1.194223 seconds.
  path: Assets/Cartoon Heroes/Male/3D/Hairs/Hair_1
  artifactKey: Guid(e31a0dce2605a2141a7f5ef716f8a225) Importer(815301076,1909f56bfc062723c751e8b465ee728b)
Start importing Assets/Cartoon Heroes/Male/3D/Hairs/Hair_1 using Guid(e31a0dce2605a2141a7f5ef716f8a225) Importer(815301076,1909f56bfc062723c751e8b465ee728b)  -> (artifact id: '04cb5e8cfa24169e44cf62bcbaa227a5') in 0.006561 seconds 
  Import took 0.009035 seconds .

========================================================================
Received Import Request.
  Time since last request: 0.082101 seconds.
  path: Assets/Cartoon Heroes/Male/3D/Hairs/Hair_1/Male_Hair_1.FBX
  artifactKey: Guid(f72746b6ba199774992e6eda7be20f4d) Importer(815301076,1909f56bfc062723c751e8b465ee728b)
Start importing Assets/Cartoon Heroes/Male/3D/Hairs/Hair_1/Male_Hair_1.FBX using Guid(f72746b6ba199774992e6eda7be20f4d) Importer(815301076,1909f56bfc062723c751e8b465ee728b)  -> (artifact id: 'e7797b1d9fa71ce3c74aa01eefc417c8') in 0.608992 seconds 
  Import took 0.611560 seconds .

========================================================================
Received Import Request.
  Time since last request: 0.177035 seconds.
  path: Assets/Cartoon Heroes/Male/3D/Hairs/Hair_1/Materials
  artifactKey: Guid(24f449c78c77a8b4d8636999c90b3dc2) Importer(815301076,1909f56bfc062723c751e8b465ee728b)
Start importing Assets/Cartoon Heroes/Male/3D/Hairs/Hair_1/Materials using Guid(24f449c78c77a8b4d8636999c90b3dc2) Importer(815301076,1909f56bfc062723c751e8b465ee728b)  -> (artifact id: '6b9fadc48f1f2df5726d554da02d0302') in 0.006373 seconds 
  Import took 0.008789 seconds .

========================================================================
Received Import Request.
  Time since last request: 0.070600 seconds.
  path: Assets/Cartoon Heroes/Male/3D/Hairs/Hair_1/Materials/Male_Hair_1.mat
  artifactKey: Guid(780edec6694115d46b5cedff31487a70) Importer(815301076,1909f56bfc062723c751e8b465ee728b)
Start importing Assets/Cartoon Heroes/Male/3D/Hairs/Hair_1/Materials/Male_Hair_1.mat using Guid(780edec6694115d46b5cedff31487a70) Importer(815301076,1909f56bfc062723c751e8b465ee728b)  -> (artifact id: '45bfb799c31aa1c07326fa1c6aa0df87') in 0.044796 seconds 
  Import took 0.047643 seconds .

========================================================================
Received Import Request.
  Time since last request: 0.000287 seconds.
  path: Assets/Cartoon Heroes/Male/3D/Hairs/Hair_1/Materials/Male_Hair_1_Blond.mat
  artifactKey: Guid(4d95781dcd39c66428a7fae43b646325) Importer(815301076,1909f56bfc062723c751e8b465ee728b)
Start importing Assets/Cartoon Heroes/Male/3D/Hairs/Hair_1/Materials/Male_Hair_1_Blond.mat using Guid(4d95781dcd39c66428a7fae43b646325) Importer(815301076,1909f56bfc062723c751e8b465ee728b)  -> (artifact id: '142b739240f7899b5e7ede92fa5167f2') in 0.015057 seconds 
  Import took 0.017651 seconds .

========================================================================
Received Import Request.
  Time since last request: 0.000310 seconds.
  path: Assets/Cartoon Heroes/Male/3D/Hairs/Hair_1/Materials/Male_Hair_1_Black.mat
  artifactKey: Guid(55ad61842b02c3a45871931aaa2a255e) Importer(815301076,1909f56bfc062723c751e8b465ee728b)
Start importing Assets/Cartoon Heroes/Male/3D/Hairs/Hair_1/Materials/Male_Hair_1_Black.mat using Guid(55ad61842b02c3a45871931aaa2a255e) Importer(815301076,1909f56bfc062723c751e8b465ee728b)  -> (artifact id: 'e178eeb0f3ff00a250eeff8862891adb') in 0.014364 seconds 
  Import took 0.016970 seconds .

========================================================================
Received Import Request.
  Time since last request: 2.092899 seconds.
  path: Assets/Cartoon Heroes/Male/3D/Animation Skeleton/Male_Animation_Skeleton.FBX
  artifactKey: Guid(7e30eee73c241d5448ce0ac372cf6602) Importer(815301076,1909f56bfc062723c751e8b465ee728b)
Start importing Assets/Cartoon Heroes/Male/3D/Animation Skeleton/Male_Animation_Skeleton.FBX using Guid(7e30eee73c241d5448ce0ac372cf6602) Importer(815301076,1909f56bfc062723c751e8b465ee728b)  -> (artifact id: '6e579416b0d0a035d4bebccdeb601022') in 0.043229 seconds 
  Import took 0.046397 seconds .

========================================================================
Received Import Request.
  Time since last request: 60.384325 seconds.
  path: Assets/Cartoon Heroes/Male/3D/Animation Skeleton/Male_Animation_Skeleton.FBX
  artifactKey: Guid(7e30eee73c241d5448ce0ac372cf6602) Importer(815301076,1909f56bfc062723c751e8b465ee728b)
Start importing Assets/Cartoon Heroes/Male/3D/Animation Skeleton/Male_Animation_Skeleton.FBX using Guid(7e30eee73c241d5448ce0ac372cf6602) Importer(815301076,1909f56bfc062723c751e8b465ee728b)  -> (artifact id: '14062dbd08eb389fc0d9e57d9efef6e5') in 0.039362 seconds 
  Import took 0.042184 seconds .

========================================================================
Received Import Request.
  Time since last request: 10.914737 seconds.
  path: Assets/Cartoon Heroes/Male/3D/Animation Skeleton/Male_Animation_Skeleton.FBX
  artifactKey: Guid(7e30eee73c241d5448ce0ac372cf6602) Importer(815301076,1909f56bfc062723c751e8b465ee728b)
Start importing Assets/Cartoon Heroes/Male/3D/Animation Skeleton/Male_Animation_Skeleton.FBX using Guid(7e30eee73c241d5448ce0ac372cf6602) Importer(815301076,1909f56bfc062723c751e8b465ee728b)  -> (artifact id: '42dacc7bf4591b68e685a40cca94fa03') in 0.029102 seconds 
  Import took 0.031921 seconds .

========================================================================
Received Import Request.
  Time since last request: 3.872825 seconds.
  path: Assets/Cartoon Heroes/Male/3D/Animation Skeleton/Male_Animation_Skeleton.FBX
  artifactKey: Guid(7e30eee73c241d5448ce0ac372cf6602) Importer(815301076,1909f56bfc062723c751e8b465ee728b)
Start importing Assets/Cartoon Heroes/Male/3D/Animation Skeleton/Male_Animation_Skeleton.FBX using Guid(7e30eee73c241d5448ce0ac372cf6602) Importer(815301076,1909f56bfc062723c751e8b465ee728b)  -> (artifact id: '34235d0365b8cd95c726e9586e7f79ea') in 0.024721 seconds 
  Import took 0.027507 seconds .

========================================================================
Received Import Request.
  Time since last request: 2.477121 seconds.
  path: Assets/Material/MaleChar/Skeleton Material.mat
  artifactKey: Guid(adb157cbf0875474c9ee917aab5f91f0) Importer(815301076,1909f56bfc062723c751e8b465ee728b)
Start importing Assets/Material/MaleChar/Skeleton Material.mat using Guid(adb157cbf0875474c9ee917aab5f91f0) Importer(815301076,1909f56bfc062723c751e8b465ee728b)  -> (artifact id: '1c2f0ce42062eb1cef61ef8bb966a6b0') in 0.014730 seconds 
  Import took 0.017296 seconds .

========================================================================
Received Import Request.
  Time since last request: 27.666751 seconds.
  path: Assets/Cartoon Heroes/Male/3D/Animation Skeleton/Materials
  artifactKey: Guid(ab173c28e02c6a34ab42173b58ccef45) Importer(815301076,1909f56bfc062723c751e8b465ee728b)
Start importing Assets/Cartoon Heroes/Male/3D/Animation Skeleton/Materials using Guid(ab173c28e02c6a34ab42173b58ccef45) Importer(815301076,1909f56bfc062723c751e8b465ee728b)  -> (artifact id: '5824f7a631919dbc555fd794bafcfb59') in 0.006715 seconds 
  Import took 0.009263 seconds .

========================================================================
Received Import Request.
  Time since last request: 0.149802 seconds.
  path: Assets/Cartoon Heroes/Male/3D/Animation Skeleton/Materials/Skeleton Material.mat
  artifactKey: Guid(fd2388d6119e6294d9d493259f79747f) Importer(815301076,1909f56bfc062723c751e8b465ee728b)
Start importing Assets/Cartoon Heroes/Male/3D/Animation Skeleton/Materials/Skeleton Material.mat using Guid(fd2388d6119e6294d9d493259f79747f) Importer(815301076,1909f56bfc062723c751e8b465ee728b)  -> (artifact id: '4cfe621c309a1bcd266f0c8fbeec25f3') in 0.009833 seconds 
  Import took 0.012271 seconds .

========================================================================
Received Import Request.
  Time since last request: 1.490294 seconds.
  path: Assets/Cartoon Heroes/Male/3D/Animation Skeleton/Animations/Male_Animation@Male_Attacks.FBX
  artifactKey: Guid(176fac875603d3f419eb970f987aeab5) Importer(815301076,1909f56bfc062723c751e8b465ee728b)
Start importing Assets/Cartoon Heroes/Male/3D/Animation Skeleton/Animations/Male_Animation@Male_Attacks.FBX using Guid(176fac875603d3f419eb970f987aeab5) Importer(815301076,1909f56bfc062723c751e8b465ee728b)  -> (artifact id: '6f6dfecc689388d8414d7f9dd43db849') in 0.010261 seconds 
  Import took 0.012997 seconds .

========================================================================
Received Import Request.
  Time since last request: 0.000291 seconds.
  path: Assets/Cartoon Heroes/Male/3D/Animation Skeleton/Animations/Male_Animation@Male_Sword_Die.FBX
  artifactKey: Guid(fa48ae6d3a4854443898a58add5074ff) Importer(815301076,1909f56bfc062723c751e8b465ee728b)
Start importing Assets/Cartoon Heroes/Male/3D/Animation Skeleton/Animations/Male_Animation@Male_Sword_Die.FBX using Guid(fa48ae6d3a4854443898a58add5074ff) Importer(815301076,1909f56bfc062723c751e8b465ee728b)  -> (artifact id: '31df7749b7b4dca89e93a576cce9603c') in 0.009213 seconds 
  Import took 0.011684 seconds .

========================================================================
Received Import Request.
  Time since last request: 0.000272 seconds.
  path: Assets/Cartoon Heroes/Male/3D/Animation Skeleton/Animations/Male_Animation@Male_Jump.FBX
  artifactKey: Guid(238163f950175d845b03cb6dac0c6e60) Importer(815301076,1909f56bfc062723c751e8b465ee728b)
Start importing Assets/Cartoon Heroes/Male/3D/Animation Skeleton/Animations/Male_Animation@Male_Jump.FBX using Guid(238163f950175d845b03cb6dac0c6e60) Importer(815301076,1909f56bfc062723c751e8b465ee728b)  -> (artifact id: 'c9117dbe98eeec61d09981eab4db12cd') in 0.009207 seconds 
  Import took 0.011584 seconds .

========================================================================
Received Import Request.
  Time since last request: 0.000272 seconds.
  path: Assets/Cartoon Heroes/Male/3D/Animation Skeleton/Animations/Male_Animation@Male_Sword_Damage.FBX
  artifactKey: Guid(23fd8c182a6515648baa9d0a89922e73) Importer(815301076,1909f56bfc062723c751e8b465ee728b)
Start importing Assets/Cartoon Heroes/Male/3D/Animation Skeleton/Animations/Male_Animation@Male_Sword_Damage.FBX using Guid(23fd8c182a6515648baa9d0a89922e73) Importer(815301076,1909f56bfc062723c751e8b465ee728b)  -> (artifact id: '0f1da97be5e0aaac6b30029b5e75ad86') in 0.008837 seconds 
  Import took 0.011195 seconds .

========================================================================
Received Import Request.
  Time since last request: 0.000289 seconds.
  path: Assets/Cartoon Heroes/Male/3D/Animation Skeleton/Animations/Male_Animation@Male_Roll.FBX
  artifactKey: Guid(68d04a7b9dcc0fd4b877df82f02d1d61) Importer(815301076,1909f56bfc062723c751e8b465ee728b)
Start importing Assets/Cartoon Heroes/Male/3D/Animation Skeleton/Animations/Male_Animation@Male_Roll.FBX using Guid(68d04a7b9dcc0fd4b877df82f02d1d61) Importer(815301076,1909f56bfc062723c751e8b465ee728b)  -> (artifact id: '9b92ca7a61f3b2a248079a27d0feaf76') in 0.008877 seconds 
  Import took 0.011232 seconds .

========================================================================
Received Import Request.
  Time since last request: 0.000296 seconds.
  path: Assets/Cartoon Heroes/Male/3D/Animation Skeleton/Animations/Male_Animation@Male_Sword_Stance.FBX
  artifactKey: Guid(8a646e73f32d5ab46be5ca7d3ebb4f3d) Importer(815301076,1909f56bfc062723c751e8b465ee728b)
Start importing Assets/Cartoon Heroes/Male/3D/Animation Skeleton/Animations/Male_Animation@Male_Sword_Stance.FBX using Guid(8a646e73f32d5ab46be5ca7d3ebb4f3d) Importer(815301076,1909f56bfc062723c751e8b465ee728b)  -> (artifact id: '8c4e23c08eee374a5035c7138bfc87ef') in 0.010164 seconds 
  Import took 0.012788 seconds .

========================================================================
Received Import Request.
  Time since last request: 0.000251 seconds.
  path: Assets/Cartoon Heroes/Male/3D/Animation Skeleton/Animations/Male_Animation@Male_Damage.FBX
  artifactKey: Guid(1b31cb902429704429a2c2584363dd59) Importer(815301076,1909f56bfc062723c751e8b465ee728b)
Start importing Assets/Cartoon Heroes/Male/3D/Animation Skeleton/Animations/Male_Animation@Male_Damage.FBX using Guid(1b31cb902429704429a2c2584363dd59) Importer(815301076,1909f56bfc062723c751e8b465ee728b)  -> (artifact id: '509cb1b11ef79d05efa1fd7168033b37') in 0.009352 seconds 
  Import took 0.012009 seconds .

========================================================================
Received Import Request.
  Time since last request: 0.000298 seconds.
  path: Assets/Cartoon Heroes/Male/3D/Animation Skeleton/Animations/Male_Animation@Male_Sword_Sprint.FBX
  artifactKey: Guid(92e13e67a26415646a752312d3ac0230) Importer(815301076,1909f56bfc062723c751e8b465ee728b)
Start importing Assets/Cartoon Heroes/Male/3D/Animation Skeleton/Animations/Male_Animation@Male_Sword_Sprint.FBX using Guid(92e13e67a26415646a752312d3ac0230) Importer(815301076,1909f56bfc062723c751e8b465ee728b)  -> (artifact id: '0b8329cb4bc0aaf674a5a4b4966ef3cb') in 0.009612 seconds 
  Import took 0.012616 seconds .

========================================================================
Received Import Request.
  Time since last request: 0.000318 seconds.
  path: Assets/Cartoon Heroes/Male/3D/Animation Skeleton/Animations/Male_Animation@Male_Die.FBX
  artifactKey: Guid(1b89fcc283287844b8d68f9e0cc329cc) Importer(815301076,1909f56bfc062723c751e8b465ee728b)
Start importing Assets/Cartoon Heroes/Male/3D/Animation Skeleton/Animations/Male_Animation@Male_Die.FBX using Guid(1b89fcc283287844b8d68f9e0cc329cc) Importer(815301076,1909f56bfc062723c751e8b465ee728b)  -> (artifact id: '45c63e94379bc733abfb34e7e34d766d') in 0.011751 seconds 
  Import took 0.014401 seconds .

========================================================================
Received Import Request.
  Time since last request: 0.000277 seconds.
  path: Assets/Cartoon Heroes/Male/3D/Animation Skeleton/Animations/Male_Animation@Male_Sword_Walk.FBX
  artifactKey: Guid(0f5f811a33031524680b227a45dc9848) Importer(815301076,1909f56bfc062723c751e8b465ee728b)
Start importing Assets/Cartoon Heroes/Male/3D/Animation Skeleton/Animations/Male_Animation@Male_Sword_Walk.FBX using Guid(0f5f811a33031524680b227a45dc9848) Importer(815301076,1909f56bfc062723c751e8b465ee728b)  -> (artifact id: 'c83bcf9f73f40e80965be0f34b14a762') in 0.009925 seconds 
  Import took 0.012632 seconds .

========================================================================
Received Import Request.
  Time since last request: 0.000277 seconds.
  path: Assets/Cartoon Heroes/Male/3D/Animation Skeleton/Animations/Male_Animation@Male_Sword_Block.FBX
  artifactKey: Guid(fe09d69bd98991f4d84f6c67e4e3492c) Importer(815301076,1909f56bfc062723c751e8b465ee728b)
Start importing Assets/Cartoon Heroes/Male/3D/Animation Skeleton/Animations/Male_Animation@Male_Sword_Block.FBX using Guid(fe09d69bd98991f4d84f6c67e4e3492c) Importer(815301076,1909f56bfc062723c751e8b465ee728b)  -> (artifact id: 'd0a6d3961f5b36b3deb773c7fcf5610e') in 0.010348 seconds 
  Import took 0.013047 seconds .

========================================================================
Received Import Request.
  Time since last request: 0.000334 seconds.
  path: Assets/Cartoon Heroes/Male/3D/Animation Skeleton/Animations/Male_Animation@Male_Sprint.FBX
  artifactKey: Guid(7e9d3ca0c95bb8749ab91f3a407bea2d) Importer(815301076,1909f56bfc062723c751e8b465ee728b)
Start importing Assets/Cartoon Heroes/Male/3D/Animation Skeleton/Animations/Male_Animation@Male_Sprint.FBX using Guid(7e9d3ca0c95bb8749ab91f3a407bea2d) Importer(815301076,1909f56bfc062723c751e8b465ee728b)  -> (artifact id: 'c7808835a0e98bc370a60fd64688bcd3') in 0.009865 seconds 
  Import took 0.013174 seconds .

========================================================================
Received Import Request.
  Time since last request: 0.000272 seconds.
  path: Assets/Cartoon Heroes/Male/3D/Animation Skeleton/Animations/Male_Animation@Male_Idle.FBX
  artifactKey: Guid(f03b4671842f14f4b98bfc645df0e1ed) Importer(815301076,1909f56bfc062723c751e8b465ee728b)
Start importing Assets/Cartoon Heroes/Male/3D/Animation Skeleton/Animations/Male_Animation@Male_Idle.FBX using Guid(f03b4671842f14f4b98bfc645df0e1ed) Importer(815301076,1909f56bfc062723c751e8b465ee728b)  -> (artifact id: 'e678a16a945f5bafaea1d602f51e0177') in 0.009447 seconds 
  Import took 0.012250 seconds .

========================================================================
Received Import Request.
  Time since last request: 0.000293 seconds.
  path: Assets/Cartoon Heroes/Male/3D/Animation Skeleton/Animations/Male_Animation@Male_Sword_Roll.FBX
  artifactKey: Guid(512db7c09f1ecd24aa783375a03e5964) Importer(815301076,1909f56bfc062723c751e8b465ee728b)
Start importing Assets/Cartoon Heroes/Male/3D/Animation Skeleton/Animations/Male_Animation@Male_Sword_Roll.FBX using Guid(512db7c09f1ecd24aa783375a03e5964) Importer(815301076,1909f56bfc062723c751e8b465ee728b)  -> (artifact id: '83019918128d5654c239e69926900ba9') in 0.009776 seconds 
  Import took 0.012479 seconds .

========================================================================
Received Import Request.
  Time since last request: 0.000281 seconds.
  path: Assets/Cartoon Heroes/Male/3D/Animation Skeleton/Animations/Male_Animation@Male_Walk.FBX
  artifactKey: Guid(00ed1997eb74a40498b28747b3fdb59a) Importer(815301076,1909f56bfc062723c751e8b465ee728b)
Start importing Assets/Cartoon Heroes/Male/3D/Animation Skeleton/Animations/Male_Animation@Male_Walk.FBX using Guid(00ed1997eb74a40498b28747b3fdb59a) Importer(815301076,1909f56bfc062723c751e8b465ee728b)  -> (artifact id: '987ef7776afc1e840b9deb61e5fd92ac') in 0.010622 seconds 
  Import took 0.013195 seconds .

========================================================================
Received Import Request.
  Time since last request: 9.111601 seconds.
  path: Assets/Cartoon Heroes/Male/3D/Torsos/Torso_3/Materials/Male_Torso_3_Yellow.mat
  artifactKey: Guid(2d0031d3e1ffcaa4ba3deede89fca2b2) Importer(815301076,1909f56bfc062723c751e8b465ee728b)
Start importing Assets/Cartoon Heroes/Male/3D/Torsos/Torso_3/Materials/Male_Torso_3_Yellow.mat using Guid(2d0031d3e1ffcaa4ba3deede89fca2b2) Importer(815301076,1909f56bfc062723c751e8b465ee728b)  -> (artifact id: '5331663a586ee96222f05a432322a0be') in 0.222591 seconds 
  Import took 0.225189 seconds .

========================================================================
Received Import Request.
  Time since last request: 0.000282 seconds.
  path: Assets/Cartoon Heroes/Weapons/Sword_1/3D/Materials/Sowrd_1.mat
  artifactKey: Guid(5406ccc3fa89c694f8b9c98e3f6f20a3) Importer(815301076,1909f56bfc062723c751e8b465ee728b)
Start importing Assets/Cartoon Heroes/Weapons/Sword_1/3D/Materials/Sowrd_1.mat using Guid(5406ccc3fa89c694f8b9c98e3f6f20a3) Importer(815301076,1909f56bfc062723c751e8b465ee728b)  -> (artifact id: '3c13898a93c88cd9be933638f02a591f') in 0.010543 seconds 
  Import took 0.012812 seconds .

========================================================================
Received Import Request.
  Time since last request: 0.000263 seconds.
  path: Assets/Cartoon Heroes/Weapons/Sword_1/3D/Materials/Sword_1_Yellow.mat
  artifactKey: Guid(d23d933a5bb042546bab11d145ca9a20) Importer(815301076,1909f56bfc062723c751e8b465ee728b)
Start importing Assets/Cartoon Heroes/Weapons/Sword_1/3D/Materials/Sword_1_Yellow.mat using Guid(d23d933a5bb042546bab11d145ca9a20) Importer(815301076,1909f56bfc062723c751e8b465ee728b)  -> (artifact id: 'cf570a054675bb1cb0cf56cf4be9c3c4') in 0.022841 seconds 
  Import took 0.025426 seconds .

========================================================================
Received Import Request.
  Time since last request: 0.000233 seconds.
  path: Assets/Cartoon Heroes/Weapons/Sword_2/3D/Materials/Sword_2.mat
  artifactKey: Guid(7a2b61e52f75b824da463f924a72391e) Importer(815301076,1909f56bfc062723c751e8b465ee728b)
Start importing Assets/Cartoon Heroes/Weapons/Sword_2/3D/Materials/Sword_2.mat using Guid(7a2b61e52f75b824da463f924a72391e) Importer(815301076,1909f56bfc062723c751e8b465ee728b)  -> (artifact id: 'f9f7281d50872bbbbf52c18a66916eec') in 0.010210 seconds 
  Import took 0.012675 seconds .

========================================================================
Received Import Request.
  Time since last request: 0.000305 seconds.
  path: Assets/Cartoon Heroes/Female/3D/Animation Skeleton/Female_Animation_Skeleton.FBX
  artifactKey: Guid(d4bc8aeee1248da43a4176631929bc9d) Importer(815301076,1909f56bfc062723c751e8b465ee728b)
Start importing Assets/Cartoon Heroes/Female/3D/Animation Skeleton/Female_Animation_Skeleton.FBX using Guid(d4bc8aeee1248da43a4176631929bc9d) Importer(815301076,1909f56bfc062723c751e8b465ee728b)  -> (artifact id: '1e49d9b99ea2af6c625e1d7cbc54b551') in 0.026773 seconds 
  Import took 0.030688 seconds .

========================================================================
Received Import Request.
  Time since last request: 0.000262 seconds.
  path: Assets/Cartoon Heroes/Weapons/Sword_2/3D/Materials/Sword_2_Gray.mat
  artifactKey: Guid(5284465724a051a468950ae23b8e1186) Importer(815301076,1909f56bfc062723c751e8b465ee728b)
Start importing Assets/Cartoon Heroes/Weapons/Sword_2/3D/Materials/Sword_2_Gray.mat using Guid(5284465724a051a468950ae23b8e1186) Importer(815301076,1909f56bfc062723c751e8b465ee728b)  -> (artifact id: 'c6810b52e260168ad4f027e6d3391814') in 0.029264 seconds 
  Import took 0.031672 seconds .

========================================================================
Received Import Request.
  Time since last request: 0.000302 seconds.
  path: Assets/Cartoon Heroes/Weapons/Sword_1/3D/Materials/Sword_1_Gray.mat
  artifactKey: Guid(17245f7e3705df848b9194a91683de5f) Importer(815301076,1909f56bfc062723c751e8b465ee728b)
Start importing Assets/Cartoon Heroes/Weapons/Sword_1/3D/Materials/Sword_1_Gray.mat using Guid(17245f7e3705df848b9194a91683de5f) Importer(815301076,1909f56bfc062723c751e8b465ee728b)  -> (artifact id: '9e40ed27ffc2ca6fc2c80c041a666015') in 0.016720 seconds 
  Import took 0.019250 seconds .

========================================================================
Received Import Request.
  Time since last request: 206.560746 seconds.
  path: Assets/Material
  artifactKey: Guid(ab1f5c76c3a705940ac5627f8710e6ae) Importer(815301076,1909f56bfc062723c751e8b465ee728b)
Start importing Assets/Material using Guid(ab1f5c76c3a705940ac5627f8710e6ae) Importer(815301076,1909f56bfc062723c751e8b465ee728b)  -> (artifact id: '4b08bce007bc1bbf5fc442f38461e3dd') in 0.008506 seconds 
  Import took 0.011135 seconds .

========================================================================
Received Prepare
Registering precompiled user dll's ...
Registered in 0.002801 seconds.
Begin MonoManager ReloadAssembly
Native extension for WindowsStandalone target not found
Native extension for WebGL target not found
Refreshing native plugins compatible for Editor in 0.32 ms, found 2 plugins.
Preloading 0 native plugins for Editor in 0.00 ms.
Mono: successfully reloaded assembly
- Completed reload, in  0.949 seconds
Domain Reload Profiling:
	ReloadAssembly (950ms)
		BeginReloadAssembly (117ms)
			ExecutionOrderSort (0ms)
			DisableScriptedObjects (4ms)
			BackupInstance (0ms)
			ReleaseScriptingObjects (0ms)
			CreateAndSetChildDomain (34ms)
		EndReloadAssembly (771ms)
			LoadAssemblies (82ms)
			RebuildTransferFunctionScriptingTraits (0ms)
			SetupTypeCache (288ms)
			ReleaseScriptCaches (1ms)
			RebuildScriptCaches (37ms)
			SetupLoadedEditorAssemblies (272ms)
				LogAssemblyErrors (0ms)
				InitializePlatformSupportModulesInManaged (6ms)
				SetLoadedEditorAssemblies (0ms)
				RefreshPlugins (0ms)
				BeforeProcessingInitializeOnLoad (83ms)
				ProcessInitializeOnLoadAttributes (168ms)
				ProcessInitializeOnLoadMethodAttributes (7ms)
				AfterProcessingInitializeOnLoad (6ms)
				EditorAssembliesLoaded (0ms)
			ExecutionOrderSort2 (0ms)
			AwakeInstancesAfterBackupRestoration (6ms)
Platform modules already initialized, skipping
Refreshing native plugins compatible for Editor in 0.33 ms, found 2 plugins.
Preloading 0 native plugins for Editor in 0.00 ms.
Unloading 1482 Unused Serialized files (Serialized files now loaded: 0)
System memory in use before: 85.6 MB.
System memory in use after: 85.7 MB.

Unloading 15 unused Assets to reduce memory usage. Loaded Objects now: 1968.
Total: 13.259500 ms (FindLiveObjects: 0.152300 ms CreateObjectMapping: 0.038800 ms MarkObjects: 13.044900 ms  DeleteObjects: 0.022100 ms)

AssetImportParameters requested are different than current active one (requested -> active):
  custom:framework-win-MediaFoundation: 216162199b28c13a410421893ffa2e32 -> 
  custom:video-decoder-ogg-theora: a1e56fd34408186e4bbccfd4996cb3dc -> 
  custom:container-muxer-webm: aa71ff27fc2769a1b78a27578f13a17b -> 
  custom:container-demuxer-webm: 4f35f7cbe854078d1ac9338744f61a02 -> 
  custom:container-demuxer-ogg: 62fdf1f143b41e24485cea50d1cbac27 -> 
  custom:video-encoder-webm-vp8: eb34c28f22e8b96e1ab97ce403110664 -> 
  custom:video-decoder-webm-vp8: 9c59270c3fd7afecdb556c50c9e8de78 -> 
  custom:audio-decoder-ogg-vorbis: bf7c407c2cedff20999df2af8eb42d56 -> 
  custom:audio-encoder-webm-vorbis: bf7c407c2cedff20999df2af8eb42d56 -> 
========================================================================
Received Prepare
Registering precompiled user dll's ...
Registered in 0.005046 seconds.
Begin MonoManager ReloadAssembly
Native extension for WindowsStandalone target not found
Native extension for WebGL target not found
Refreshing native plugins compatible for Editor in 0.35 ms, found 2 plugins.
Preloading 0 native plugins for Editor in 0.00 ms.
Mono: successfully reloaded assembly
- Completed reload, in  0.970 seconds
Domain Reload Profiling:
	ReloadAssembly (971ms)
		BeginReloadAssembly (138ms)
			ExecutionOrderSort (0ms)
			DisableScriptedObjects (9ms)
			BackupInstance (0ms)
			ReleaseScriptingObjects (0ms)
			CreateAndSetChildDomain (42ms)
		EndReloadAssembly (766ms)
			LoadAssemblies (95ms)
			RebuildTransferFunctionScriptingTraits (0ms)
			SetupTypeCache (278ms)
			ReleaseScriptCaches (1ms)
			RebuildScriptCaches (38ms)
			SetupLoadedEditorAssemblies (264ms)
				LogAssemblyErrors (0ms)
				InitializePlatformSupportModulesInManaged (6ms)
				SetLoadedEditorAssemblies (0ms)
				RefreshPlugins (0ms)
				BeforeProcessingInitializeOnLoad (76ms)
				ProcessInitializeOnLoadAttributes (165ms)
				ProcessInitializeOnLoadMethodAttributes (9ms)
				AfterProcessingInitializeOnLoad (6ms)
				EditorAssembliesLoaded (0ms)
			ExecutionOrderSort2 (0ms)
			AwakeInstancesAfterBackupRestoration (7ms)
Platform modules already initialized, skipping
Refreshing native plugins compatible for Editor in 0.60 ms, found 2 plugins.
Preloading 0 native plugins for Editor in 0.00 ms.
Unloading 1484 Unused Serialized files (Serialized files now loaded: 0)
System memory in use before: 85.6 MB.
System memory in use after: 85.8 MB.

Unloading 14 unused Assets to reduce memory usage. Loaded Objects now: 1971.
Total: 3.346800 ms (FindLiveObjects: 0.263700 ms CreateObjectMapping: 0.055700 ms MarkObjects: 3.005200 ms  DeleteObjects: 0.019800 ms)

AssetImportParameters requested are different than current active one (requested -> active):
  custom:framework-win-MediaFoundation: 216162199b28c13a410421893ffa2e32 -> 
  custom:video-decoder-ogg-theora: a1e56fd34408186e4bbccfd4996cb3dc -> 
  custom:container-muxer-webm: aa71ff27fc2769a1b78a27578f13a17b -> 
  custom:container-demuxer-webm: 4f35f7cbe854078d1ac9338744f61a02 -> 
  custom:container-demuxer-ogg: 62fdf1f143b41e24485cea50d1cbac27 -> 
  custom:video-encoder-webm-vp8: eb34c28f22e8b96e1ab97ce403110664 -> 
  custom:video-decoder-webm-vp8: 9c59270c3fd7afecdb556c50c9e8de78 -> 
  custom:audio-decoder-ogg-vorbis: bf7c407c2cedff20999df2af8eb42d56 -> 
  custom:audio-encoder-webm-vorbis: bf7c407c2cedff20999df2af8eb42d56 -> 
========================================================================
Received Import Request.
  Time since last request: 93.357369 seconds.
  path: Assets/Cartoon Heroes/Scripts
  artifactKey: Guid(7a4863874e1ba324390c14b7a36124f9) Importer(815301076,1909f56bfc062723c751e8b465ee728b)
Start importing Assets/Cartoon Heroes/Scripts using Guid(7a4863874e1ba324390c14b7a36124f9) Importer(815301076,1909f56bfc062723c751e8b465ee728b)  -> (artifact id: 'f73e1a6f0d38c2a3a9266b17b3013105') in 0.012341 seconds 
  Import took 0.015848 seconds .

========================================================================
Received Import Request.
  Time since last request: 0.473457 seconds.
  path: Assets/Cartoon Heroes/Character Prefabs
  artifactKey: Guid(a027c86982ae9a84db9d9292a2dd2556) Importer(815301076,1909f56bfc062723c751e8b465ee728b)
Start importing Assets/Cartoon Heroes/Character Prefabs using Guid(a027c86982ae9a84db9d9292a2dd2556) Importer(815301076,1909f56bfc062723c751e8b465ee728b)  -> (artifact id: 'b86dee0537e0f93932083227629fa39d') in 0.005346 seconds 
  Import took 0.007811 seconds .

========================================================================
Received Import Request.
  Time since last request: 48.123938 seconds.
  path: Assets/Cartoon Heroes/Character Prefabs/Male
  artifactKey: Guid(a94dbda45a3fed340a9b2fff23656bf5) Importer(815301076,1909f56bfc062723c751e8b465ee728b)
Start importing Assets/Cartoon Heroes/Character Prefabs/Male using Guid(a94dbda45a3fed340a9b2fff23656bf5) Importer(815301076,1909f56bfc062723c751e8b465ee728b)  -> (artifact id: 'a63e5e4d0e4b918eda06ef8f435a75c1') in 0.016747 seconds 
  Import took 0.019127 seconds .

========================================================================
Received Import Request.
  Time since last request: 0.070007 seconds.
  path: Assets/Cartoon Heroes/Character Prefabs/Male/Male A.prefab
  artifactKey: Guid(7e6e29f21a00d5f499e21eb93d6fabaa) Importer(815301076,1909f56bfc062723c751e8b465ee728b)
Start importing Assets/Cartoon Heroes/Character Prefabs/Male/Male A.prefab using Guid(7e6e29f21a00d5f499e21eb93d6fabaa) Importer(815301076,1909f56bfc062723c751e8b465ee728b)  -> (artifact id: '9b6d52fcaeac0ed09747be6392186478') in 0.248186 seconds 
  Import took 0.255270 seconds .

========================================================================
Received Import Request.
  Time since last request: 0.000302 seconds.
  path: Assets/Cartoon Heroes/Character Prefabs/Male/Male C.prefab
  artifactKey: Guid(60e8218091f83244c9bf9c8c2569a009) Importer(815301076,1909f56bfc062723c751e8b465ee728b)
Start importing Assets/Cartoon Heroes/Character Prefabs/Male/Male C.prefab using Guid(60e8218091f83244c9bf9c8c2569a009) Importer(815301076,1909f56bfc062723c751e8b465ee728b)  -> (artifact id: 'd97c567b44ddbf8824bf9529faaf1afb') in 0.098032 seconds 
  Import took 0.118004 seconds .

========================================================================
Received Import Request.
  Time since last request: 0.000590 seconds.
  path: Assets/Cartoon Heroes/Character Prefabs/Male/Male B.prefab
  artifactKey: Guid(f933c455b886ad644b60dc415ab31bb3) Importer(815301076,1909f56bfc062723c751e8b465ee728b)
Start importing Assets/Cartoon Heroes/Character Prefabs/Male/Male B.prefab using Guid(f933c455b886ad644b60dc415ab31bb3) Importer(815301076,1909f56bfc062723c751e8b465ee728b)  -> (artifact id: 'cbf07638807df4c9c3f2b8317029483c') in 0.087262 seconds 
  Import took 0.095228 seconds .

========================================================================
Received Import Request.
  Time since last request: 200.497700 seconds.
  path: Assets/Cartoon Heroes/Male/3D/Legs/Base Legs
  artifactKey: Guid(5647de74f2e35494e801cbc0e74ef77c) Importer(815301076,1909f56bfc062723c751e8b465ee728b)
Start importing Assets/Cartoon Heroes/Male/3D/Legs/Base Legs using Guid(5647de74f2e35494e801cbc0e74ef77c) Importer(815301076,1909f56bfc062723c751e8b465ee728b)  -> (artifact id: '06be9bcf29cf8a6a80a77a7afccb9979') in 0.007491 seconds 
  Import took 0.010150 seconds .

========================================================================
Received Import Request.
  Time since last request: 0.053854 seconds.
  path: Assets/Cartoon Heroes/Male/3D/Legs/Base Legs/Male_Base_Legs.FBX
  artifactKey: Guid(17e8ecbc4e6bcea40878ead9b50712be) Importer(815301076,1909f56bfc062723c751e8b465ee728b)
Start importing Assets/Cartoon Heroes/Male/3D/Legs/Base Legs/Male_Base_Legs.FBX using Guid(17e8ecbc4e6bcea40878ead9b50712be) Importer(815301076,1909f56bfc062723c751e8b465ee728b)  -> (artifact id: '711b0e9e0f9795c25a7bef8094834f3d') in 0.051813 seconds 
  Import took 0.054409 seconds .

========================================================================
Received Import Request.
  Time since last request: 9.857311 seconds.
  path: Assets/Cartoon Heroes/Male/3D/Legs/Legs_1/Male_Legs_1.FBX
  artifactKey: Guid(d7739944e3990de4bbb0cfdc16f876fa) Importer(815301076,1909f56bfc062723c751e8b465ee728b)
Start importing Assets/Cartoon Heroes/Male/3D/Legs/Legs_1/Male_Legs_1.FBX using Guid(d7739944e3990de4bbb0cfdc16f876fa) Importer(815301076,1909f56bfc062723c751e8b465ee728b)  -> (artifact id: '16fd634632afce144d7dcb6d2e10c3f1') in 0.033340 seconds 
  Import took 0.036007 seconds .

========================================================================
Received Import Request.
  Time since last request: 3.651416 seconds.
  path: Assets/Cartoon Heroes/Male/3D/Legs/Legs_2/Male_Legs_2.FBX
  artifactKey: Guid(a48c0a1c97d48e7419d41fe8e176ae51) Importer(815301076,1909f56bfc062723c751e8b465ee728b)
Start importing Assets/Cartoon Heroes/Male/3D/Legs/Legs_2/Male_Legs_2.FBX using Guid(a48c0a1c97d48e7419d41fe8e176ae51) Importer(815301076,1909f56bfc062723c751e8b465ee728b)  -> (artifact id: 'b8f4624ba43b4efedc53b1abea9bf89e') in 0.030759 seconds 
  Import took 0.033549 seconds .

========================================================================
Received Import Request.
  Time since last request: 3.577396 seconds.
  path: Assets/Cartoon Heroes/Male/3D/Legs/Legs_3/Male_Legs_3.FBX
  artifactKey: Guid(a21dffdbb678b38439d8c5954c371701) Importer(815301076,1909f56bfc062723c751e8b465ee728b)
Start importing Assets/Cartoon Heroes/Male/3D/Legs/Legs_3/Male_Legs_3.FBX using Guid(a21dffdbb678b38439d8c5954c371701) Importer(815301076,1909f56bfc062723c751e8b465ee728b)  -> (artifact id: '11ba6a274dcad712b1ed897a3f68e87c') in 0.036345 seconds 
  Import took 0.039302 seconds .

========================================================================
Received Import Request.
  Time since last request: 41.509069 seconds.
  path: Assets/Cartoon Heroes/Male/3D/Torsos/Base Torso/Male_Base_Torso.FBX
  artifactKey: Guid(0785e19d7558bf542ac3ec73faaf7709) Importer(815301076,1909f56bfc062723c751e8b465ee728b)
Start importing Assets/Cartoon Heroes/Male/3D/Torsos/Base Torso/Male_Base_Torso.FBX using Guid(0785e19d7558bf542ac3ec73faaf7709) Importer(815301076,1909f56bfc062723c751e8b465ee728b)  -> (artifact id: 'e21330abb338eee6e43d30cb360f5ca5') in 0.031610 seconds 
  Import took 0.034418 seconds .

========================================================================
Received Import Request.
  Time since last request: 4.656395 seconds.
  path: Assets/Cartoon Heroes/Male/3D/Torsos/Torso_1/Male_Torso_1.FBX
  artifactKey: Guid(fba03d136e511a9438a9e19a8c96fc65) Importer(815301076,1909f56bfc062723c751e8b465ee728b)
Start importing Assets/Cartoon Heroes/Male/3D/Torsos/Torso_1/Male_Torso_1.FBX using Guid(fba03d136e511a9438a9e19a8c96fc65) Importer(815301076,1909f56bfc062723c751e8b465ee728b)  -> (artifact id: 'b9e66d61ed506aba7e036103e5769f65') in 0.050501 seconds 
  Import took 0.053226 seconds .

========================================================================
Received Import Request.
  Time since last request: 2.688823 seconds.
  path: Assets/Cartoon Heroes/Male/3D/Torsos/Torso_2/Male_Torso_2.FBX
  artifactKey: Guid(a54c56bf4e395ac4c940603b7b12ee75) Importer(815301076,1909f56bfc062723c751e8b465ee728b)
Start importing Assets/Cartoon Heroes/Male/3D/Torsos/Torso_2/Male_Torso_2.FBX using Guid(a54c56bf4e395ac4c940603b7b12ee75) Importer(815301076,1909f56bfc062723c751e8b465ee728b)  -> (artifact id: '579345a8717409ce63f414b5994a35f2') in 0.043558 seconds 
  Import took 0.046631 seconds .

========================================================================
Received Import Request.
  Time since last request: 3.112578 seconds.
  path: Assets/Cartoon Heroes/Male/3D/Torsos/Torso_3/Male_Torso_3.FBX
  artifactKey: Guid(e8eb09b19391bfe4eab8554eac44634f) Importer(815301076,1909f56bfc062723c751e8b465ee728b)
Start importing Assets/Cartoon Heroes/Male/3D/Torsos/Torso_3/Male_Torso_3.FBX using Guid(e8eb09b19391bfe4eab8554eac44634f) Importer(815301076,1909f56bfc062723c751e8b465ee728b)  -> (artifact id: 'e7b879b1c54564babc950829af41eb9d') in 0.028586 seconds 
  Import took 0.031483 seconds .

========================================================================
Received Import Request.
  Time since last request: 12.472105 seconds.
  path: Assets/Cartoon Heroes/Male/3D/Heads/Head_1/Male_Head_1.FBX
  artifactKey: Guid(3ed30173e52bad9469c5720c7646c3de) Importer(815301076,1909f56bfc062723c751e8b465ee728b)
Start importing Assets/Cartoon Heroes/Male/3D/Heads/Head_1/Male_Head_1.FBX using Guid(3ed30173e52bad9469c5720c7646c3de) Importer(815301076,1909f56bfc062723c751e8b465ee728b)  -> (artifact id: 'bc6254b98bc144f89d829883d4a99f10') in 0.031882 seconds 
  Import took 0.034515 seconds .

========================================================================
Received Import Request.
  Time since last request: 19.089236 seconds.
  path: Assets/Cartoon Heroes/Male/3D/Heads/Head_1
  artifactKey: Guid(f52891292b66545488f52a443009274b) Importer(815301076,1909f56bfc062723c751e8b465ee728b)
Start importing Assets/Cartoon Heroes/Male/3D/Heads/Head_1 using Guid(f52891292b66545488f52a443009274b) Importer(815301076,1909f56bfc062723c751e8b465ee728b)  -> (artifact id: '343e6c73ef2a4000a2cc5c89058e68f6') in 0.006806 seconds 
  Import took 0.009664 seconds .

========================================================================
Received Import Request.
  Time since last request: 6.090625 seconds.
  path: Assets/Cartoon Heroes/Male/3D/Heads/Head_2/Male_Head_2.FBX
  artifactKey: Guid(284b2fec4918654439cf2eb3a1bb5c44) Importer(815301076,1909f56bfc062723c751e8b465ee728b)
Start importing Assets/Cartoon Heroes/Male/3D/Heads/Head_2/Male_Head_2.FBX using Guid(284b2fec4918654439cf2eb3a1bb5c44) Importer(815301076,1909f56bfc062723c751e8b465ee728b)  -> (artifact id: '55b369194f37b8b0f1b48b64363decd0') in 0.030865 seconds 
  Import took 0.033499 seconds .

========================================================================
Received Import Request.
  Time since last request: 2.863024 seconds.
  path: Assets/Cartoon Heroes/Male/3D/Heads/Head_3/Male_Head_3.FBX
  artifactKey: Guid(ac9e5936b8a63bf4f977287e27381de6) Importer(815301076,1909f56bfc062723c751e8b465ee728b)
Start importing Assets/Cartoon Heroes/Male/3D/Heads/Head_3/Male_Head_3.FBX using Guid(ac9e5936b8a63bf4f977287e27381de6) Importer(815301076,1909f56bfc062723c751e8b465ee728b)  -> (artifact id: '392ed91394ab891be2e227717392e9cc') in 0.032592 seconds 
  Import took 0.035151 seconds .

========================================================================
Received Import Request.
  Time since last request: 24.802404 seconds.
  path: Assets/Cartoon Heroes/Male/Hairs/Hair_2/Male_Hair_2.FBX
  artifactKey: Guid(6a11a3d001e91bb4abc2cc119ccefdc1) Importer(815301076,1909f56bfc062723c751e8b465ee728b)
Start importing Assets/Cartoon Heroes/Male/Hairs/Hair_2/Male_Hair_2.FBX using Guid(6a11a3d001e91bb4abc2cc119ccefdc1) Importer(815301076,1909f56bfc062723c751e8b465ee728b)  -> (artifact id: '7184f8c88b33854357bc174a627d0365') in 0.030653 seconds 
  Import took 0.033861 seconds .

========================================================================
Received Import Request.
  Time since last request: 3.604909 seconds.
  path: Assets/Cartoon Heroes/Male/Hairs/Hair_3/Male_Hair_3.FBX
  artifactKey: Guid(ba81bc73c9f97274688f3affce011d50) Importer(815301076,1909f56bfc062723c751e8b465ee728b)
Start importing Assets/Cartoon Heroes/Male/Hairs/Hair_3/Male_Hair_3.FBX using Guid(ba81bc73c9f97274688f3affce011d50) Importer(815301076,1909f56bfc062723c751e8b465ee728b)  -> (artifact id: 'c8f49187996bb908bb2894fa32d67797') in 0.026863 seconds 
  Import took 0.030104 seconds .

========================================================================
Received Import Request.
  Time since last request: 3.900222 seconds.
  path: Assets/Cartoon Heroes/Male/Hairs/Hair_4/Male_Hair_4.FBX
  artifactKey: Guid(790f4551bb671cc43bea7a0943c1162f) Importer(815301076,1909f56bfc062723c751e8b465ee728b)
Start importing Assets/Cartoon Heroes/Male/Hairs/Hair_4/Male_Hair_4.FBX using Guid(790f4551bb671cc43bea7a0943c1162f) Importer(815301076,1909f56bfc062723c751e8b465ee728b)  -> (artifact id: 'b60f17d2b0c5c506596c11c7e35adf80') in 0.034549 seconds 
  Import took 0.037495 seconds .

========================================================================
Received Import Request.
  Time since last request: 33.484204 seconds.
  path: Assets/Cartoon Heroes/Male/Hairs/Hair_4/Male_Hair_4.FBX
  artifactKey: Guid(790f4551bb671cc43bea7a0943c1162f) Importer(815301076,1909f56bfc062723c751e8b465ee728b)
Start importing Assets/Cartoon Heroes/Male/Hairs/Hair_4/Male_Hair_4.FBX using Guid(790f4551bb671cc43bea7a0943c1162f) Importer(815301076,1909f56bfc062723c751e8b465ee728b)  -> (artifact id: 'ac5139fea5cc4741e4e505cb50a1df7d') in 0.046735 seconds 
  Import took 0.049453 seconds .

========================================================================
Received Import Request.
  Time since last request: 5.707409 seconds.
  path: Assets/Cartoon Heroes/Male/Hairs/Hair_3/Male_Hair_3.FBX
  artifactKey: Guid(ba81bc73c9f97274688f3affce011d50) Importer(815301076,1909f56bfc062723c751e8b465ee728b)
Start importing Assets/Cartoon Heroes/Male/Hairs/Hair_3/Male_Hair_3.FBX using Guid(ba81bc73c9f97274688f3affce011d50) Importer(815301076,1909f56bfc062723c751e8b465ee728b)  -> (artifact id: 'e213199e0fcd7b25a93b5014d94ef0c8') in 0.054078 seconds 
  Import took 0.056653 seconds .

========================================================================
Received Import Request.
  Time since last request: 12.174764 seconds.
  path: Assets/Cartoon Heroes/Male/3D/Torsos/Base Torso/Male_Base_Torso.FBX
  artifactKey: Guid(0785e19d7558bf542ac3ec73faaf7709) Importer(815301076,1909f56bfc062723c751e8b465ee728b)
Start importing Assets/Cartoon Heroes/Male/3D/Torsos/Base Torso/Male_Base_Torso.FBX using Guid(0785e19d7558bf542ac3ec73faaf7709) Importer(815301076,1909f56bfc062723c751e8b465ee728b)  -> (artifact id: 'f4ed29efe866d186fb8783d84b079264') in 0.093761 seconds 
  Import took 0.098171 seconds .

========================================================================
Received Import Request.
  Time since last request: 297.420355 seconds.
  path: Assets/Cartoon Heroes/Male/3D/Heads/Head_1/Materials
  artifactKey: Guid(390ad4fac70d0094195912b0b5b50877) Importer(815301076,1909f56bfc062723c751e8b465ee728b)
Start importing Assets/Cartoon Heroes/Male/3D/Heads/Head_1/Materials using Guid(390ad4fac70d0094195912b0b5b50877) Importer(815301076,1909f56bfc062723c751e8b465ee728b)  -> (artifact id: '9bb0f237c6002861eba6f595ff9c6ea4') in 0.006788 seconds 
  Import took 0.009925 seconds .

========================================================================
Received Import Request.
  Time since last request: 0.065984 seconds.
  path: Assets/Cartoon Heroes/Male/3D/Heads/Head_1/Materials/Male_Head_1.mat
  artifactKey: Guid(25e381a33d04932429a8bd13baaefaee) Importer(815301076,1909f56bfc062723c751e8b465ee728b)
Start importing Assets/Cartoon Heroes/Male/3D/Heads/Head_1/Materials/Male_Head_1.mat using Guid(25e381a33d04932429a8bd13baaefaee) Importer(815301076,1909f56bfc062723c751e8b465ee728b)  -> (artifact id: '7c1450bc2b5929bcfa870e4e9a176e6e') in 0.247628 seconds 
  Import took 0.250648 seconds .

========================================================================
Received Import Request.
  Time since last request: 24.730856 seconds.
  path: Assets/Cartoon Heroes/Male/3D/Heads/Head_1/Male_Head_1.FBX
  artifactKey: Guid(3ed30173e52bad9469c5720c7646c3de) Importer(815301076,1909f56bfc062723c751e8b465ee728b)
Start importing Assets/Cartoon Heroes/Male/3D/Heads/Head_1/Male_Head_1.FBX using Guid(3ed30173e52bad9469c5720c7646c3de) Importer(815301076,1909f56bfc062723c751e8b465ee728b)  -> (artifact id: '2621abe64e31dfff09f819bb78dff312') in 0.028740 seconds 
  Import took 0.031330 seconds .

========================================================================
Received Import Request.
  Time since last request: 3.671302 seconds.
  path: Assets/Cartoon Heroes/Male/3D/Heads/Head_1/Male_Head_1.FBX
  artifactKey: Guid(3ed30173e52bad9469c5720c7646c3de) Importer(815301076,1909f56bfc062723c751e8b465ee728b)
Start importing Assets/Cartoon Heroes/Male/3D/Heads/Head_1/Male_Head_1.FBX using Guid(3ed30173e52bad9469c5720c7646c3de) Importer(815301076,1909f56bfc062723c751e8b465ee728b)  -> (artifact id: 'dd18d1e066b1d08397ac18fd697c54b4') in 0.091605 seconds 
  Import took 0.094211 seconds .

========================================================================
Received Import Request.
  Time since last request: 3.871866 seconds.
  path: Assets/Cartoon Heroes/Male/3D/Heads/Head_1/Male_Head_1.FBX
  artifactKey: Guid(3ed30173e52bad9469c5720c7646c3de) Importer(815301076,1909f56bfc062723c751e8b465ee728b)
Start importing Assets/Cartoon Heroes/Male/3D/Heads/Head_1/Male_Head_1.FBX using Guid(3ed30173e52bad9469c5720c7646c3de) Importer(815301076,1909f56bfc062723c751e8b465ee728b)  -> (artifact id: '97bf57d82a7747e5cbf3d90767491956') in 0.029908 seconds 
  Import took 0.032807 seconds .

========================================================================
Received Import Request.
  Time since last request: 7.260610 seconds.
  path: Assets/Cartoon Heroes/Male/3D/Heads/Head_1/Male_Head_1.FBX
  artifactKey: Guid(3ed30173e52bad9469c5720c7646c3de) Importer(815301076,1909f56bfc062723c751e8b465ee728b)
Start importing Assets/Cartoon Heroes/Male/3D/Heads/Head_1/Male_Head_1.FBX using Guid(3ed30173e52bad9469c5720c7646c3de) Importer(815301076,1909f56bfc062723c751e8b465ee728b)  -> (artifact id: '85cd0b4927513b18363836c9917a6b09') in 0.030284 seconds 
  Import took 0.032995 seconds .

========================================================================
Received Import Request.
  Time since last request: 3.478479 seconds.
  path: Assets/Cartoon Heroes/Male/3D/Heads/Head_1/Male_Head_1.FBX
  artifactKey: Guid(3ed30173e52bad9469c5720c7646c3de) Importer(815301076,1909f56bfc062723c751e8b465ee728b)
Start importing Assets/Cartoon Heroes/Male/3D/Heads/Head_1/Male_Head_1.FBX using Guid(3ed30173e52bad9469c5720c7646c3de) Importer(815301076,1909f56bfc062723c751e8b465ee728b)  -> (artifact id: '46b436c2ffc52cf917a16da69c330be1') in 0.041436 seconds 
  Import took 0.044126 seconds .

========================================================================
Received Import Request.
  Time since last request: 2.359797 seconds.
  path: Assets/Cartoon Heroes/Male/Hairs/Hair_3/Materials/Male_Hair_3_Black.mat
  artifactKey: Guid(8badc6f468c5a6340a18921906577d8a) Importer(815301076,1909f56bfc062723c751e8b465ee728b)
Start importing Assets/Cartoon Heroes/Male/Hairs/Hair_3/Materials/Male_Hair_3_Black.mat using Guid(8badc6f468c5a6340a18921906577d8a) Importer(815301076,1909f56bfc062723c751e8b465ee728b)  -> (artifact id: '02625c1c4889c82904c3af6f17e0fdcf') in 0.173664 seconds 
  Import took 0.176420 seconds .

========================================================================
Received Import Request.
  Time since last request: 0.000277 seconds.
  path: Assets/Cartoon Heroes/Male/Hairs/Hair_4/Materials/Male_Hair_4.mat
  artifactKey: Guid(c721ecac46d6f11499c1291b2761d121) Importer(815301076,1909f56bfc062723c751e8b465ee728b)
Start importing Assets/Cartoon Heroes/Male/Hairs/Hair_4/Materials/Male_Hair_4.mat using Guid(c721ecac46d6f11499c1291b2761d121) Importer(815301076,1909f56bfc062723c751e8b465ee728b)  -> (artifact id: '5a1d7af983fc41eb098783a42ee0e421') in 0.184952 seconds 
  Import took 0.187611 seconds .

========================================================================
Received Import Request.
  Time since last request: 0.000262 seconds.
  path: Assets/Cartoon Heroes/Male/3D/Heads/Head_3/Materials/Male_Head_3.mat
  artifactKey: Guid(5dcf0ed991d705f49b5f5977b57cb520) Importer(815301076,1909f56bfc062723c751e8b465ee728b)
Start importing Assets/Cartoon Heroes/Male/3D/Heads/Head_3/Materials/Male_Head_3.mat using Guid(5dcf0ed991d705f49b5f5977b57cb520) Importer(815301076,1909f56bfc062723c751e8b465ee728b)  -> (artifact id: 'f41559bc543b1402e275a6378d4b81f5') in 0.125106 seconds 
  Import took 0.127641 seconds .

========================================================================
Received Import Request.
  Time since last request: 0.000204 seconds.
  path: Assets/Cartoon Heroes/Male/3D/Heads/Head_2/Materials/Male_Head_2.mat
  artifactKey: Guid(61a3b559664a8db4cbfdfd415b46ed7f) Importer(815301076,1909f56bfc062723c751e8b465ee728b)
Start importing Assets/Cartoon Heroes/Male/3D/Heads/Head_2/Materials/Male_Head_2.mat using Guid(61a3b559664a8db4cbfdfd415b46ed7f) Importer(815301076,1909f56bfc062723c751e8b465ee728b)  -> (artifact id: '33cb092851660b103e22f74fbbe1ac6f') in 0.121056 seconds 
  Import took 0.123878 seconds .

========================================================================
Received Import Request.
  Time since last request: 0.000260 seconds.
  path: Assets/Cartoon Heroes/Male/Hairs/Hair_3/Materials/Male_Hair_3_Blond.mat
  artifactKey: Guid(a4c26117dbf37a34a80066325bfb05fd) Importer(815301076,1909f56bfc062723c751e8b465ee728b)
Start importing Assets/Cartoon Heroes/Male/Hairs/Hair_3/Materials/Male_Hair_3_Blond.mat using Guid(a4c26117dbf37a34a80066325bfb05fd) Importer(815301076,1909f56bfc062723c751e8b465ee728b)  -> (artifact id: 'c964e6c463c32f05be827d3f601263a7') in 0.118467 seconds 
  Import took 0.120950 seconds .

========================================================================
Received Import Request.
  Time since last request: 0.000287 seconds.
  path: Assets/Cartoon Heroes/Male/3D/Heads/Head_1/Materials/Male_Head_1-Male_Head_1.mat
  artifactKey: Guid(ba8c3046097321947bfb853aa93d64ad) Importer(815301076,1909f56bfc062723c751e8b465ee728b)
Start importing Assets/Cartoon Heroes/Male/3D/Heads/Head_1/Materials/Male_Head_1-Male_Head_1.mat using Guid(ba8c3046097321947bfb853aa93d64ad) Importer(815301076,1909f56bfc062723c751e8b465ee728b)  -> (artifact id: '5a0938079dee6ec38666f828d5249841') in 0.016572 seconds 
  Import took 0.018991 seconds .

========================================================================
Received Import Request.
  Time since last request: 0.000316 seconds.
  path: Assets/Cartoon Heroes/Male/3D/Legs/Legs_1/Materials/Male_Legs_1_Brown.mat
  artifactKey: Guid(c58d0c3b49703fb49ab47e236ee66207) Importer(815301076,1909f56bfc062723c751e8b465ee728b)
Start importing Assets/Cartoon Heroes/Male/3D/Legs/Legs_1/Materials/Male_Legs_1_Brown.mat using Guid(c58d0c3b49703fb49ab47e236ee66207) Importer(815301076,1909f56bfc062723c751e8b465ee728b)  -> (artifact id: 'b9db560edb60aa00cafb2d6cc665596c') in 0.148723 seconds 
  Import took 0.151225 seconds .

========================================================================
Received Import Request.
  Time since last request: 0.000280 seconds.
  path: Assets/Cartoon Heroes/Male/3D/Legs/Legs_1/Materials/Male_Legs_1_Black.mat
  artifactKey: Guid(04d5ac432965eca47a69656ac9c69338) Importer(815301076,1909f56bfc062723c751e8b465ee728b)
Start importing Assets/Cartoon Heroes/Male/3D/Legs/Legs_1/Materials/Male_Legs_1_Black.mat using Guid(04d5ac432965eca47a69656ac9c69338) Importer(815301076,1909f56bfc062723c751e8b465ee728b)  -> (artifact id: '5da3aba6e7eabf3f58ef0a906b50d5ef') in 0.111482 seconds 
  Import took 0.113790 seconds .

========================================================================
Received Import Request.
  Time since last request: 17.236185 seconds.
  path: Assets/Cartoon Heroes/Male/3D/Heads/Head_1/Male_Head_1.FBX
  artifactKey: Guid(3ed30173e52bad9469c5720c7646c3de) Importer(815301076,1909f56bfc062723c751e8b465ee728b)
Start importing Assets/Cartoon Heroes/Male/3D/Heads/Head_1/Male_Head_1.FBX using Guid(3ed30173e52bad9469c5720c7646c3de) Importer(815301076,1909f56bfc062723c751e8b465ee728b)  -> (artifact id: 'ae2f4b3863c8b106ab7df747eac8cad2') in 0.031471 seconds 
  Import took 0.034091 seconds .

========================================================================
Received Import Request.
  Time since last request: 15.000724 seconds.
  path: Assets/Cartoon Heroes/Male/3D/Heads/Head_1/Male_Head_1.FBX
  artifactKey: Guid(3ed30173e52bad9469c5720c7646c3de) Importer(815301076,1909f56bfc062723c751e8b465ee728b)
Start importing Assets/Cartoon Heroes/Male/3D/Heads/Head_1/Male_Head_1.FBX using Guid(3ed30173e52bad9469c5720c7646c3de) Importer(815301076,1909f56bfc062723c751e8b465ee728b)  -> (artifact id: '68db7938572f3de2504187a4a7e6b464') in 0.041087 seconds 
  Import took 0.043616 seconds .

========================================================================
Received Import Request.
  Time since last request: 7.350563 seconds.
  path: Assets/Cartoon Heroes/Male/3D/Heads/Head_1/Male_Head_1.FBX
  artifactKey: Guid(3ed30173e52bad9469c5720c7646c3de) Importer(815301076,1909f56bfc062723c751e8b465ee728b)
Start importing Assets/Cartoon Heroes/Male/3D/Heads/Head_1/Male_Head_1.FBX using Guid(3ed30173e52bad9469c5720c7646c3de) Importer(815301076,1909f56bfc062723c751e8b465ee728b)  -> (artifact id: '8677e914d074ad2f37031e8884c42abb') in 0.025115 seconds 
  Import took 0.027825 seconds .

========================================================================
Received Import Request.
  Time since last request: 4.171226 seconds.
  path: Assets/Cartoon Heroes/Male/3D/Heads/Head_1/Male_Head_1.FBX
  artifactKey: Guid(3ed30173e52bad9469c5720c7646c3de) Importer(815301076,1909f56bfc062723c751e8b465ee728b)
Start importing Assets/Cartoon Heroes/Male/3D/Heads/Head_1/Male_Head_1.FBX using Guid(3ed30173e52bad9469c5720c7646c3de) Importer(815301076,1909f56bfc062723c751e8b465ee728b)  -> (artifact id: 'c3016ba3af26ec151fe563a728be32bf') in 0.086240 seconds 
  Import took 0.092266 seconds .

========================================================================
Received Import Request.
  Time since last request: 2.935411 seconds.
  path: Assets/Cartoon Heroes/Male/3D/Heads/Head_1/Male_Head_1.FBX
  artifactKey: Guid(3ed30173e52bad9469c5720c7646c3de) Importer(815301076,1909f56bfc062723c751e8b465ee728b)
Start importing Assets/Cartoon Heroes/Male/3D/Heads/Head_1/Male_Head_1.FBX using Guid(3ed30173e52bad9469c5720c7646c3de) Importer(815301076,1909f56bfc062723c751e8b465ee728b)  -> (artifact id: '283f30b4ffd8102cb44c26462feeb6d4') in 0.029536 seconds 
  Import took 0.032264 seconds .

========================================================================
Received Import Request.
  Time since last request: 170.243657 seconds.
  path: Assets/Cartoon Heroes/Character Prefabs/Female/Female A.prefab
  artifactKey: Guid(f018c9b8a16f9c3449b1c025f1a66ce4) Importer(815301076,1909f56bfc062723c751e8b465ee728b)
Start importing Assets/Cartoon Heroes/Character Prefabs/Female/Female A.prefab using Guid(f018c9b8a16f9c3449b1c025f1a66ce4) Importer(815301076,1909f56bfc062723c751e8b465ee728b)  -> (artifact id: 'a194a2c4921f86a96db24c0bf8a0c959') in 1.738496 seconds 
  Import took 1.747548 seconds .

========================================================================
Received Import Request.
  Time since last request: 0.000287 seconds.
  path: Assets/Cartoon Heroes/Character Prefabs/Female/Female B.prefab
  artifactKey: Guid(a367f32b0351f2648a0e15f3444c6f86) Importer(815301076,1909f56bfc062723c751e8b465ee728b)
Start importing Assets/Cartoon Heroes/Character Prefabs/Female/Female B.prefab using Guid(a367f32b0351f2648a0e15f3444c6f86) Importer(815301076,1909f56bfc062723c751e8b465ee728b)  -> (artifact id: '753d6ffe4db3b6165a82e34b4699b224') in 1.424677 seconds 
  Import took 1.432063 seconds .

========================================================================
Received Import Request.
  Time since last request: 0.000324 seconds.
  path: Assets/Cartoon Heroes/Character Prefabs/Female/Female C.prefab
  artifactKey: Guid(de2a7efe044817e43b49fa819dea7499) Importer(815301076,1909f56bfc062723c751e8b465ee728b)
Start importing Assets/Cartoon Heroes/Character Prefabs/Female/Female C.prefab using Guid(de2a7efe044817e43b49fa819dea7499) Importer(815301076,1909f56bfc062723c751e8b465ee728b)  -> (artifact id: 'a87f31104198a5d04447d02db0a94364') in 1.158839 seconds 
  Import took 1.166192 seconds .

========================================================================
Received Import Request.
  Time since last request: 11.724351 seconds.
  path: Assets/Cartoon Heroes/Male/Textures/Heads
  artifactKey: Guid(e8c06e0bd4580d9478501dfb336a73f5) Importer(815301076,1909f56bfc062723c751e8b465ee728b)
Start importing Assets/Cartoon Heroes/Male/Textures/Heads using Guid(e8c06e0bd4580d9478501dfb336a73f5) Importer(815301076,1909f56bfc062723c751e8b465ee728b)  -> (artifact id: '1d0d1e6257940bc44bfc06249c7f0adb') in 0.006950 seconds 
  Import took 0.010472 seconds .

========================================================================
Received Import Request.
  Time since last request: 0.793510 seconds.
  path: Assets/Cartoon Heroes/Male/Textures/Heads/Head_2
  artifactKey: Guid(6cc62133e85ccd649a2d3d6a995f88aa) Importer(815301076,1909f56bfc062723c751e8b465ee728b)
Start importing Assets/Cartoon Heroes/Male/Textures/Heads/Head_2 using Guid(6cc62133e85ccd649a2d3d6a995f88aa) Importer(815301076,1909f56bfc062723c751e8b465ee728b)  -> (artifact id: '4caf9c73e82b5582259b4552059825e0') in 0.005537 seconds 
  Import took 0.008081 seconds .

========================================================================
Received Import Request.
  Time since last request: 0.072425 seconds.
  path: Assets/Cartoon Heroes/Male/Textures/Heads/Head_2/Male_Head_2.tga
  artifactKey: Guid(b7d117414e94a2b4490bd8b0968743da) Importer(815301076,1909f56bfc062723c751e8b465ee728b)
Start importing Assets/Cartoon Heroes/Male/Textures/Heads/Head_2/Male_Head_2.tga using Guid(b7d117414e94a2b4490bd8b0968743da) Importer(815301076,1909f56bfc062723c751e8b465ee728b)  -> (artifact id: '1fa48bc6589796174b384141f8cae036') in 0.031846 seconds 
  Import took 0.034824 seconds .

========================================================================
Received Import Request.
  Time since last request: 0.000299 seconds.
  path: Assets/Cartoon Heroes/Male/Textures/Heads/Head_2/Male_Head_2_Normals.tga
  artifactKey: Guid(9d6477c809bef7d40a5970fdcf75678e) Importer(815301076,1909f56bfc062723c751e8b465ee728b)
Start importing Assets/Cartoon Heroes/Male/Textures/Heads/Head_2/Male_Head_2_Normals.tga using Guid(9d6477c809bef7d40a5970fdcf75678e) Importer(815301076,1909f56bfc062723c751e8b465ee728b)  -> (artifact id: '7be4fcc84b54f603b063d843f4eb3fb9') in 0.014675 seconds 
  Import took 0.017057 seconds .

========================================================================
Received Import Request.
  Time since last request: 27.073884 seconds.
  path: Assets/Cartoon Heroes/Male/3D/Legs/Legs_1/Male_Legs_1.FBX
  artifactKey: Guid(d7739944e3990de4bbb0cfdc16f876fa) Importer(815301076,1909f56bfc062723c751e8b465ee728b)
Start importing Assets/Cartoon Heroes/Male/3D/Legs/Legs_1/Male_Legs_1.FBX using Guid(d7739944e3990de4bbb0cfdc16f876fa) Importer(815301076,1909f56bfc062723c751e8b465ee728b)  -> (artifact id: '6de214e283f5d15be4a97d34efd039d0') in 0.037327 seconds 
  Import took 0.039938 seconds .

========================================================================
Received Import Request.
  Time since last request: 9.839504 seconds.
  path: Assets/Cartoon Heroes/Male/Textures/Heads/Head_3/Male_Head_3.tga
  artifactKey: Guid(42e7299d1cc08fe4e9ace5fb1d9c2405) Importer(815301076,1909f56bfc062723c751e8b465ee728b)
Start importing Assets/Cartoon Heroes/Male/Textures/Heads/Head_3/Male_Head_3.tga using Guid(42e7299d1cc08fe4e9ace5fb1d9c2405) Importer(815301076,1909f56bfc062723c751e8b465ee728b)  -> (artifact id: '688fd2442aeb81ec7b95094640496ecc') in 0.013387 seconds 
  Import took 0.015884 seconds .

========================================================================
Received Import Request.
  Time since last request: 0.000261 seconds.
  path: Assets/Cartoon Heroes/Male/Textures/Heads/Head_3/Male_Head_3_Normals.tga
  artifactKey: Guid(8d9dfb25319ed3d4b90ee6b66e669fed) Importer(815301076,1909f56bfc062723c751e8b465ee728b)
Start importing Assets/Cartoon Heroes/Male/Textures/Heads/Head_3/Male_Head_3_Normals.tga using Guid(8d9dfb25319ed3d4b90ee6b66e669fed) Importer(815301076,1909f56bfc062723c751e8b465ee728b)  -> (artifact id: '62ecac60161eaf52c3f3de2d23ee86db') in 0.011452 seconds 
  Import took 0.013715 seconds .

========================================================================
Received Import Request.
  Time since last request: 58.359960 seconds.
  path: Assets/Cartoon Heroes/Male/Textures/Heads/Head_1/Male_Head_1.tga
  artifactKey: Guid(b6db225e4f5cca14f9cc339287ee95b5) Importer(815301076,1909f56bfc062723c751e8b465ee728b)
Start importing Assets/Cartoon Heroes/Male/Textures/Heads/Head_1/Male_Head_1.tga using Guid(b6db225e4f5cca14f9cc339287ee95b5) Importer(815301076,1909f56bfc062723c751e8b465ee728b)  -> (artifact id: '455579d40cd0f683ba805838ee6bbe87') in 0.018118 seconds 
  Import took 0.021316 seconds .

========================================================================
Received Import Request.
  Time since last request: 0.000294 seconds.
  path: Assets/Cartoon Heroes/Male/Textures/Heads/Head_1/Male_Head_1_Normals.tga
  artifactKey: Guid(31af09c97e325f84b9de44d709249e59) Importer(815301076,1909f56bfc062723c751e8b465ee728b)
Start importing Assets/Cartoon Heroes/Male/Textures/Heads/Head_1/Male_Head_1_Normals.tga using Guid(31af09c97e325f84b9de44d709249e59) Importer(815301076,1909f56bfc062723c751e8b465ee728b)  -> (artifact id: 'ed3bd54a0f566c344381be5b73ef49f9') in 0.022018 seconds 
  Import took 0.024697 seconds .

========================================================================
Received Import Request.
  Time since last request: 84.875653 seconds.
  path: Assets/Cartoon Heroes/Male/3D/Animation Skeleton/Animations
  artifactKey: Guid(f1f6df6f4d537f645903694d123bf10c) Importer(815301076,1909f56bfc062723c751e8b465ee728b)
Start importing Assets/Cartoon Heroes/Male/3D/Animation Skeleton/Animations using Guid(f1f6df6f4d537f645903694d123bf10c) Importer(815301076,1909f56bfc062723c751e8b465ee728b)  -> (artifact id: '6cb3e318ec5f494d3a92efd312c20d37') in 0.005374 seconds 
  Import took 0.007821 seconds .

========================================================================
Received Import Request.
  Time since last request: 57.730544 seconds.
  path: Assets/Cartoon Heroes/Character Prefabs/Male/Male B.prefab
  artifactKey: Guid(f933c455b886ad644b60dc415ab31bb3) Importer(815301076,1909f56bfc062723c751e8b465ee728b)
Start importing Assets/Cartoon Heroes/Character Prefabs/Male/Male B.prefab using Guid(f933c455b886ad644b60dc415ab31bb3) Importer(815301076,1909f56bfc062723c751e8b465ee728b)  -> (artifact id: '91fbe27690d4df9d17a07824e8b65135') in 1.206039 seconds 
  Import took 1.216348 seconds .

========================================================================
Received Import Request.
  Time since last request: 5.531033 seconds.
  path: Assets/Cartoon Heroes/Character Prefabs/Male/Male B.prefab
  artifactKey: Guid(f933c455b886ad644b60dc415ab31bb3) Importer(815301076,1909f56bfc062723c751e8b465ee728b)
Start importing Assets/Cartoon Heroes/Character Prefabs/Male/Male B.prefab using Guid(f933c455b886ad644b60dc415ab31bb3) Importer(815301076,1909f56bfc062723c751e8b465ee728b)  -> (artifact id: '77d39e99ddb5cb277a0c77a925a4edfb') in 0.072818 seconds 
  Import took 0.079098 seconds .

========================================================================
Received Import Request.
  Time since last request: 437.391346 seconds.
  path: Assets/Cartoon Heroes/Scenes/Characters.unity
  artifactKey: Guid(657283afbf3067d4386baa089438d0e4) Importer(815301076,1909f56bfc062723c751e8b465ee728b)
Start importing Assets/Cartoon Heroes/Scenes/Characters.unity using Guid(657283afbf3067d4386baa089438d0e4) Importer(815301076,1909f56bfc062723c751e8b465ee728b)  -> (artifact id: '5eacc7fa892d670fcc98958f0b6cb2ea') in 0.008811 seconds 
  Import took 0.012206 seconds .

========================================================================
Received Prepare
Registering precompiled user dll's ...
Registered in 0.027728 seconds.
Begin MonoManager ReloadAssembly
Native extension for WindowsStandalone target not found
Native extension for WebGL target not found
Refreshing native plugins compatible for Editor in 0.60 ms, found 2 plugins.
Preloading 0 native plugins for Editor in 0.00 ms.
Mono: successfully reloaded assembly
- Completed reload, in  1.680 seconds
Domain Reload Profiling:
	ReloadAssembly (1681ms)
		BeginReloadAssembly (166ms)
			ExecutionOrderSort (0ms)
			DisableScriptedObjects (7ms)
			BackupInstance (0ms)
			ReleaseScriptingObjects (0ms)
			CreateAndSetChildDomain (55ms)
		EndReloadAssembly (1411ms)
			LoadAssemblies (142ms)
			RebuildTransferFunctionScriptingTraits (0ms)
			SetupTypeCache (495ms)
			ReleaseScriptCaches (1ms)
			RebuildScriptCaches (69ms)
			SetupLoadedEditorAssemblies (514ms)
				LogAssemblyErrors (0ms)
				InitializePlatformSupportModulesInManaged (11ms)
				SetLoadedEditorAssemblies (1ms)
				RefreshPlugins (1ms)
				BeforeProcessingInitializeOnLoad (149ms)
				ProcessInitializeOnLoadAttributes (326ms)
				ProcessInitializeOnLoadMethodAttributes (14ms)
				AfterProcessingInitializeOnLoad (12ms)
				EditorAssembliesLoaded (0ms)
			ExecutionOrderSort2 (0ms)
			AwakeInstancesAfterBackupRestoration (13ms)
Platform modules already initialized, skipping
Refreshing native plugins compatible for Editor in 0.38 ms, found 2 plugins.
Preloading 0 native plugins for Editor in 0.00 ms.
Unloading 1484 Unused Serialized files (Serialized files now loaded: 0)
System memory in use before: 89.1 MB.
System memory in use after: 89.2 MB.

Unloading 14 unused Assets to reduce memory usage. Loaded Objects now: 1978.
Total: 3.081900 ms (FindLiveObjects: 0.156700 ms CreateObjectMapping: 0.038100 ms MarkObjects: 2.871100 ms  DeleteObjects: 0.015200 ms)

AssetImportParameters requested are different than current active one (requested -> active):
  custom:framework-win-MediaFoundation: 216162199b28c13a410421893ffa2e32 -> 
  custom:video-decoder-ogg-theora: a1e56fd34408186e4bbccfd4996cb3dc -> 
  custom:container-muxer-webm: aa71ff27fc2769a1b78a27578f13a17b -> 
  custom:container-demuxer-webm: 4f35f7cbe854078d1ac9338744f61a02 -> 
  custom:container-demuxer-ogg: 62fdf1f143b41e24485cea50d1cbac27 -> 
  custom:video-encoder-webm-vp8: eb34c28f22e8b96e1ab97ce403110664 -> 
  custom:video-decoder-webm-vp8: 9c59270c3fd7afecdb556c50c9e8de78 -> 
  custom:audio-decoder-ogg-vorbis: bf7c407c2cedff20999df2af8eb42d56 -> 
  custom:audio-encoder-webm-vorbis: bf7c407c2cedff20999df2af8eb42d56 -> 
========================================================================
Received Import Request.
  Time since last request: 143.004316 seconds.
  path: Assets/Cartoon Heroes/Female/3D/Animation Skeleton/Female_Animation_Skeleton_Default.controller
  artifactKey: Guid(65b24d220c8cbeb40a814835a4a35299) Importer(815301076,1909f56bfc062723c751e8b465ee728b)
Start importing Assets/Cartoon Heroes/Female/3D/Animation Skeleton/Female_Animation_Skeleton_Default.controller using Guid(65b24d220c8cbeb40a814835a4a35299) Importer(815301076,1909f56bfc062723c751e8b465ee728b)  -> (artifact id: '0b80e4615688ec7fb6325dc7b9904058') in 0.030308 seconds 
  Import took 0.034065 seconds .

========================================================================
Received Import Request.
  Time since last request: 9.611773 seconds.
  path: Assets/Cartoon Heroes/Female/3D/Animation Skeleton/Animations/Female_Animation@Female_Sword_Die.FBX
  artifactKey: Guid(88b371f485b13064183196949595c588) Importer(815301076,1909f56bfc062723c751e8b465ee728b)
Start importing Assets/Cartoon Heroes/Female/3D/Animation Skeleton/Animations/Female_Animation@Female_Sword_Die.FBX using Guid(88b371f485b13064183196949595c588) Importer(815301076,1909f56bfc062723c751e8b465ee728b)  -> (artifact id: '40f9e96dab8914a38731d0cd66d7719a') in 0.019828 seconds 
  Import took 0.022560 seconds .

========================================================================
Received Import Request.
  Time since last request: 0.040435 seconds.
  path: Assets/Cartoon Heroes/Female/3D/Animation Skeleton/Animations/Female_Animation@Female_Damage.FBX
  artifactKey: Guid(9c291ec3850f7004fa3da8ac7a2397d5) Importer(815301076,1909f56bfc062723c751e8b465ee728b)
Start importing Assets/Cartoon Heroes/Female/3D/Animation Skeleton/Animations/Female_Animation@Female_Damage.FBX using Guid(9c291ec3850f7004fa3da8ac7a2397d5) Importer(815301076,1909f56bfc062723c751e8b465ee728b)  -> (artifact id: 'c4a547dfa036a0cfa20f549fa3e3fd03') in 0.010214 seconds 
  Import took 0.013794 seconds .

========================================================================
Received Import Request.
  Time since last request: 0.000266 seconds.
  path: Assets/Cartoon Heroes/Female/3D/Animation Skeleton/Animations/Female_Animation@Female_Sword_Damage.FBX
  artifactKey: Guid(436e584145a65834ba98fc684b2e4934) Importer(815301076,1909f56bfc062723c751e8b465ee728b)
Start importing Assets/Cartoon Heroes/Female/3D/Animation Skeleton/Animations/Female_Animation@Female_Sword_Damage.FBX using Guid(436e584145a65834ba98fc684b2e4934) Importer(815301076,1909f56bfc062723c751e8b465ee728b)  -> (artifact id: '29a2fba02632ccfa3883f89d78c75c10') in 0.011310 seconds 
  Import took 0.014013 seconds .

========================================================================
Received Import Request.
  Time since last request: 0.000277 seconds.
  path: Assets/Cartoon Heroes/Female/3D/Animation Skeleton/Animations/Female_Animation@Female_Walk.FBX
  artifactKey: Guid(a67930d394f07574f9746782f6671841) Importer(815301076,1909f56bfc062723c751e8b465ee728b)
Start importing Assets/Cartoon Heroes/Female/3D/Animation Skeleton/Animations/Female_Animation@Female_Walk.FBX using Guid(a67930d394f07574f9746782f6671841) Importer(815301076,1909f56bfc062723c751e8b465ee728b)  -> (artifact id: '5b1ef34ebe24d78f1ec9ec28d73ed1c1') in 0.010231 seconds 
  Import took 0.013313 seconds .

========================================================================
Received Import Request.
  Time since last request: 0.000235 seconds.
  path: Assets/Cartoon Heroes/Female/3D/Animation Skeleton/Animations/Female_Animation@Female_Idle.FBX
  artifactKey: Guid(d006983dbee91f84bb273fa4bf9d68ac) Importer(815301076,1909f56bfc062723c751e8b465ee728b)
Start importing Assets/Cartoon Heroes/Female/3D/Animation Skeleton/Animations/Female_Animation@Female_Idle.FBX using Guid(d006983dbee91f84bb273fa4bf9d68ac) Importer(815301076,1909f56bfc062723c751e8b465ee728b)  -> (artifact id: '83b1939b4122634c6e84b4593805dbcc') in 0.010627 seconds 
  Import took 0.116501 seconds .

========================================================================
Received Import Request.
  Time since last request: 0.000709 seconds.
  path: Assets/Cartoon Heroes/Female/3D/Animation Skeleton/Animations/Female_Animation@Female_Sword_Attacks.FBX
  artifactKey: Guid(470701484e352274bbde411212de5515) Importer(815301076,1909f56bfc062723c751e8b465ee728b)
Start importing Assets/Cartoon Heroes/Female/3D/Animation Skeleton/Animations/Female_Animation@Female_Sword_Attacks.FBX using Guid(470701484e352274bbde411212de5515) Importer(815301076,1909f56bfc062723c751e8b465ee728b)  -> (artifact id: '5591e1fa7b1d709557eb6917d508985e') in 0.012799 seconds 
  Import took 0.017858 seconds .

========================================================================
Received Import Request.
  Time since last request: 0.000278 seconds.
  path: Assets/Cartoon Heroes/Female/3D/Animation Skeleton/Animations/Female_Animation@Female_Sword_Sprint.FBX
  artifactKey: Guid(ae15895b0c240414fb78082f0a01a2e5) Importer(815301076,1909f56bfc062723c751e8b465ee728b)
Start importing Assets/Cartoon Heroes/Female/3D/Animation Skeleton/Animations/Female_Animation@Female_Sword_Sprint.FBX using Guid(ae15895b0c240414fb78082f0a01a2e5) Importer(815301076,1909f56bfc062723c751e8b465ee728b)  -> (artifact id: 'c1179de3760d55a6b602f3b15e8c6b6d') in 0.010157 seconds 
  Import took 0.013074 seconds .

========================================================================
Received Import Request.
  Time since last request: 0.000297 seconds.
  path: Assets/Cartoon Heroes/Female/3D/Animation Skeleton/Animations/Female_Animation@Female_Sword_Block.FBX
  artifactKey: Guid(020c8f2ae0efb944fb08ff9c463cab8d) Importer(815301076,1909f56bfc062723c751e8b465ee728b)
Start importing Assets/Cartoon Heroes/Female/3D/Animation Skeleton/Animations/Female_Animation@Female_Sword_Block.FBX using Guid(020c8f2ae0efb944fb08ff9c463cab8d) Importer(815301076,1909f56bfc062723c751e8b465ee728b)  -> (artifact id: '7d102f2d250fe1114b86d2e1130bcc2d') in 0.010750 seconds 
  Import took 0.013432 seconds .

========================================================================
Received Import Request.
  Time since last request: 0.000221 seconds.
  path: Assets/Cartoon Heroes/Female/3D/Animation Skeleton/Animations/Female_Animation@Female_Sword_Roll.FBX
  artifactKey: Guid(add36877aa291f94a9cfa398a06cd910) Importer(815301076,1909f56bfc062723c751e8b465ee728b)
Start importing Assets/Cartoon Heroes/Female/3D/Animation Skeleton/Animations/Female_Animation@Female_Sword_Roll.FBX using Guid(add36877aa291f94a9cfa398a06cd910) Importer(815301076,1909f56bfc062723c751e8b465ee728b)  -> (artifact id: 'f77e101f0419b3039dd372d5a0d6b500') in 0.010367 seconds 
  Import took 0.013209 seconds .

========================================================================
Received Import Request.
  Time since last request: 0.000298 seconds.
  path: Assets/Cartoon Heroes/Female/3D/Animation Skeleton/Animations/Female_Animation@Female_Sword_Stance.FBX
  artifactKey: Guid(326aba395acf9c5458709f7163b9f7d9) Importer(815301076,1909f56bfc062723c751e8b465ee728b)
Start importing Assets/Cartoon Heroes/Female/3D/Animation Skeleton/Animations/Female_Animation@Female_Sword_Stance.FBX using Guid(326aba395acf9c5458709f7163b9f7d9) Importer(815301076,1909f56bfc062723c751e8b465ee728b)  -> (artifact id: '9b840f04eba859c2a417a83471203996') in 0.010487 seconds 
  Import took 0.013625 seconds .

========================================================================
Received Import Request.
  Time since last request: 0.000309 seconds.
  path: Assets/Cartoon Heroes/Female/3D/Animation Skeleton/Animations/Female_Animation@Female_Die.FBX
  artifactKey: Guid(08453cf285bee474ab9f882724a65ef6) Importer(815301076,1909f56bfc062723c751e8b465ee728b)
Start importing Assets/Cartoon Heroes/Female/3D/Animation Skeleton/Animations/Female_Animation@Female_Die.FBX using Guid(08453cf285bee474ab9f882724a65ef6) Importer(815301076,1909f56bfc062723c751e8b465ee728b)  -> (artifact id: '4e9b68eb91fb2f24ccafa5c9f6ece399') in 0.010657 seconds 
  Import took 0.014040 seconds .

========================================================================
Received Import Request.
  Time since last request: 0.000230 seconds.
  path: Assets/Cartoon Heroes/Female/3D/Animation Skeleton/Animations/Female_Animation@Female_Jump.FBX
  artifactKey: Guid(8ba2178ed4716f348b34190ecf5d365e) Importer(815301076,1909f56bfc062723c751e8b465ee728b)
Start importing Assets/Cartoon Heroes/Female/3D/Animation Skeleton/Animations/Female_Animation@Female_Jump.FBX using Guid(8ba2178ed4716f348b34190ecf5d365e) Importer(815301076,1909f56bfc062723c751e8b465ee728b)  -> (artifact id: 'eeef86f0bdebd692d133f5b2a85d2fea') in 0.011202 seconds 
  Import took 0.014092 seconds .

========================================================================
Received Import Request.
  Time since last request: 0.000303 seconds.
  path: Assets/Cartoon Heroes/Female/3D/Animation Skeleton/Animations/Female_Animation@Female_Sprint.FBX
  artifactKey: Guid(41a9542dfeb1583478948b6f4702f26d) Importer(815301076,1909f56bfc062723c751e8b465ee728b)
Start importing Assets/Cartoon Heroes/Female/3D/Animation Skeleton/Animations/Female_Animation@Female_Sprint.FBX using Guid(41a9542dfeb1583478948b6f4702f26d) Importer(815301076,1909f56bfc062723c751e8b465ee728b)  -> (artifact id: '37bb0b35337cc4cd67569ef81d26e689') in 0.009938 seconds 
  Import took 0.013639 seconds .

========================================================================
Received Import Request.
  Time since last request: 0.000219 seconds.
  path: Assets/Cartoon Heroes/Female/3D/Animation Skeleton/Animations/Female_Animation@Female_Sword_Walk.FBX
  artifactKey: Guid(958bd2cccfa87b74a9a880ee35f4f534) Importer(815301076,1909f56bfc062723c751e8b465ee728b)
Start importing Assets/Cartoon Heroes/Female/3D/Animation Skeleton/Animations/Female_Animation@Female_Sword_Walk.FBX using Guid(958bd2cccfa87b74a9a880ee35f4f534) Importer(815301076,1909f56bfc062723c751e8b465ee728b)  -> (artifact id: '154c293431bf27d9cb9cea7a09783827') in 0.010851 seconds 
  Import took 0.013651 seconds .

========================================================================
Received Import Request.
  Time since last request: 0.000341 seconds.
  path: Assets/Cartoon Heroes/Female/3D/Animation Skeleton/Animations/Female_Animation@Female_Roll.FBX
  artifactKey: Guid(69f1e5d1c1139c34ea159d3f7d42cdcc) Importer(815301076,1909f56bfc062723c751e8b465ee728b)
Start importing Assets/Cartoon Heroes/Female/3D/Animation Skeleton/Animations/Female_Animation@Female_Roll.FBX using Guid(69f1e5d1c1139c34ea159d3f7d42cdcc) Importer(815301076,1909f56bfc062723c751e8b465ee728b)  -> (artifact id: '0eca7f74b0e95eed1e6ac9027b4d8bfd') in 0.010576 seconds 
  Import took 0.013211 seconds .

========================================================================
Received Import Request.
  Time since last request: 38.598131 seconds.
  path: Assets/Animation
  artifactKey: Guid(d79a8d9f749d7c745834a8846841ff39) Importer(815301076,1909f56bfc062723c751e8b465ee728b)
Start importing Assets/Animation using Guid(d79a8d9f749d7c745834a8846841ff39) Importer(815301076,1909f56bfc062723c751e8b465ee728b)  -> (artifact id: 'e4ebaea82e04fa55242ac907e54cfe39') in 0.006054 seconds 
  Import took 0.008708 seconds .

========================================================================
Received Import Request.
  Time since last request: 0.772251 seconds.
  path: Assets
  artifactKey: Guid(00000000000000001000000000000000) Importer(815301076,1909f56bfc062723c751e8b465ee728b)
Start importing Assets using Guid(00000000000000001000000000000000) Importer(815301076,1909f56bfc062723c751e8b465ee728b)  -> (artifact id: '42d402b061de3733987d63b9cc3b64de') in 0.005914 seconds 
  Import took 0.008537 seconds .

========================================================================
Received Import Request.
  Time since last request: 14.098350 seconds.
  path: Assets/ImportedFiles
  artifactKey: Guid(ed50ed271ea447b449798440f33fa89b) Importer(815301076,1909f56bfc062723c751e8b465ee728b)
Start importing Assets/ImportedFiles using Guid(ed50ed271ea447b449798440f33fa89b) Importer(815301076,1909f56bfc062723c751e8b465ee728b)  -> (artifact id: '7cc8c3732a48e06274fba445a6473f4b') in 0.005790 seconds 
  Import took 0.008294 seconds .

========================================================================
Received Prepare
Registering precompiled user dll's ...
Registered in 0.003050 seconds.
Begin MonoManager ReloadAssembly
Native extension for WindowsStandalone target not found
Native extension for WebGL target not found
Refreshing native plugins compatible for Editor in 0.37 ms, found 2 plugins.
Preloading 0 native plugins for Editor in 0.00 ms.
Mono: successfully reloaded assembly
- Completed reload, in  0.938 seconds
Domain Reload Profiling:
	ReloadAssembly (938ms)
		BeginReloadAssembly (120ms)
			ExecutionOrderSort (0ms)
			DisableScriptedObjects (4ms)
			BackupInstance (0ms)
			ReleaseScriptingObjects (0ms)
			CreateAndSetChildDomain (34ms)
		EndReloadAssembly (753ms)
			LoadAssemblies (84ms)
			RebuildTransferFunctionScriptingTraits (0ms)
			SetupTypeCache (277ms)
			ReleaseScriptCaches (1ms)
			RebuildScriptCaches (36ms)
			SetupLoadedEditorAssemblies (265ms)
				LogAssemblyErrors (0ms)
				InitializePlatformSupportModulesInManaged (6ms)
				SetLoadedEditorAssemblies (0ms)
				RefreshPlugins (0ms)
				BeforeProcessingInitializeOnLoad (78ms)
				ProcessInitializeOnLoadAttributes (166ms)
				ProcessInitializeOnLoadMethodAttributes (7ms)
				AfterProcessingInitializeOnLoad (6ms)
				EditorAssembliesLoaded (0ms)
			ExecutionOrderSort2 (0ms)
			AwakeInstancesAfterBackupRestoration (6ms)
Platform modules already initialized, skipping
Refreshing native plugins compatible for Editor in 0.38 ms, found 2 plugins.
Preloading 0 native plugins for Editor in 0.00 ms.
Unloading 1484 Unused Serialized files (Serialized files now loaded: 0)
System memory in use before: 89.3 MB.
System memory in use after: 89.4 MB.

Unloading 14 unused Assets to reduce memory usage. Loaded Objects now: 1980.
Total: 3.003700 ms (FindLiveObjects: 0.142200 ms CreateObjectMapping: 0.046900 ms MarkObjects: 2.795400 ms  DeleteObjects: 0.018400 ms)

AssetImportParameters requested are different than current active one (requested -> active):
  custom:framework-win-MediaFoundation: 216162199b28c13a410421893ffa2e32 -> 
  custom:video-decoder-ogg-theora: a1e56fd34408186e4bbccfd4996cb3dc -> 
  custom:container-muxer-webm: aa71ff27fc2769a1b78a27578f13a17b -> 
  custom:container-demuxer-webm: 4f35f7cbe854078d1ac9338744f61a02 -> 
  custom:container-demuxer-ogg: 62fdf1f143b41e24485cea50d1cbac27 -> 
  custom:video-encoder-webm-vp8: eb34c28f22e8b96e1ab97ce403110664 -> 
  custom:video-decoder-webm-vp8: 9c59270c3fd7afecdb556c50c9e8de78 -> 
  custom:audio-decoder-ogg-vorbis: bf7c407c2cedff20999df2af8eb42d56 -> 
  custom:audio-encoder-webm-vorbis: bf7c407c2cedff20999df2af8eb42d56 -> 
========================================================================
Received Import Request.
  Time since last request: 303.310467 seconds.
  path: Assets/Animation/male Animation.controller
  artifactKey: Guid(ce422a477b3eb3d47b40aa83fde25aea) Importer(815301076,1909f56bfc062723c751e8b465ee728b)
Start importing Assets/Animation/male Animation.controller using Guid(ce422a477b3eb3d47b40aa83fde25aea) Importer(815301076,1909f56bfc062723c751e8b465ee728b)  -> (artifact id: 'a019ddc2a2c3dbb12e6721fd1b8c81e9') in 0.016272 seconds 
  Import took 0.019418 seconds .

========================================================================
Received Import Request.
  Time since last request: 701.846208 seconds.
  path: Assets/Animation/male Animation.controller
  artifactKey: Guid(ce422a477b3eb3d47b40aa83fde25aea) Importer(815301076,1909f56bfc062723c751e8b465ee728b)
Start importing Assets/Animation/male Animation.controller using Guid(ce422a477b3eb3d47b40aa83fde25aea) Importer(815301076,1909f56bfc062723c751e8b465ee728b)  -> (artifact id: '7c02c385fdd7b819138d223bb33e6fc0') in 0.318744 seconds 
  Import took 0.322733 seconds .

AssetImportWorkerClient::OnTransportError - code=2 error=End of file
